!SESSION 2023-04-13 11:54:56.944 -----------------------------------------------
eclipse.buildId=unknown
java.version=19.0.2
java.vendor=Oracle Corporation
BootLoader constants: OS=win32, ARCH=x86_64, WS=win32, NL=en_IN

This is a continuation of log file C:\Users\srinivas.raj\.smartbear\instance\.metadata\.bak_0.log
Created Time: 2023-04-13 13:44:25.542

!ENTRY com.smartbear.collaborator 2 0 2023-04-13 13:44:25.561
!MESSAGE Could not connect to server to run Refresh Action Items
!STACK 0
com.smartbear.ccollab.client.CollabClientServerConnectivityException: java.io.IOException: Connect to 127.0.0.1:14202 [/127.0.0.1] failed: Connection refused: connect
	at com.smartbear.collaborator.standalone.ActionItemsRefreshJob.loadActionItems(ActionItemsRefreshJob.java:28)
	at com.smartbear.collaborator.jobs.AbstractActionItemsRefreshJob.doRun(AbstractActionItemsRefreshJob.java:46)
	at com.smartbear.collaborator.jobs.RefreshJob.run(RefreshJob.java:95)
	at org.eclipse.core.internal.jobs.Worker.run(Worker.java:63)

!ENTRY com.smartbear.collaborator 2 0 2023-04-13 13:49:25.582
!MESSAGE Could not connect to server to run Refresh Action Items
!STACK 0
com.smartbear.ccollab.client.CollabClientServerConnectivityException: java.io.IOException: Connect to 127.0.0.1:14202 [/127.0.0.1] failed: Connection refused: connect
	at com.smartbear.collaborator.standalone.ActionItemsRefreshJob.loadActionItems(ActionItemsRefreshJob.java:28)
	at com.smartbear.collaborator.jobs.AbstractActionItemsRefreshJob.doRun(AbstractActionItemsRefreshJob.java:46)
	at com.smartbear.collaborator.jobs.RefreshJob.run(RefreshJob.java:95)
	at org.eclipse.core.internal.jobs.Worker.run(Worker.java:63)

!ENTRY com.smartbear.collaborator 2 0 2023-04-13 13:54:25.618
!MESSAGE Could not connect to server to run Refresh Action Items
!STACK 0
com.smartbear.ccollab.client.CollabClientServerConnectivityException: java.io.IOException: Connect to 127.0.0.1:14202 [/127.0.0.1] failed: Connection refused: connect
	at com.smartbear.collaborator.standalone.ActionItemsRefreshJob.loadActionItems(ActionItemsRefreshJob.java:28)
	at com.smartbear.collaborator.jobs.AbstractActionItemsRefreshJob.doRun(AbstractActionItemsRefreshJob.java:46)
	at com.smartbear.collaborator.jobs.RefreshJob.run(RefreshJob.java:95)
	at org.eclipse.core.internal.jobs.Worker.run(Worker.java:63)

!ENTRY com.smartbear.collaborator 2 0 2023-04-13 13:59:25.694
!MESSAGE Could not connect to server to run Refresh Action Items
!STACK 0
com.smartbear.ccollab.client.CollabClientServerConnectivityException: java.io.IOException: Connect to 127.0.0.1:14202 [/127.0.0.1] failed: Connection refused: connect
	at com.smartbear.collaborator.standalone.ActionItemsRefreshJob.loadActionItems(ActionItemsRefreshJob.java:28)
	at com.smartbear.collaborator.jobs.AbstractActionItemsRefreshJob.doRun(AbstractActionItemsRefreshJob.java:46)
	at com.smartbear.collaborator.jobs.RefreshJob.run(RefreshJob.java:95)
	at org.eclipse.core.internal.jobs.Worker.run(Worker.java:63)

!ENTRY com.smartbear.collaborator 2 0 2023-04-13 14:04:25.715
!MESSAGE Could not connect to server to run Refresh Action Items
!STACK 0
com.smartbear.ccollab.client.CollabClientServerConnectivityException: java.io.IOException: Connect to 127.0.0.1:14202 [/127.0.0.1] failed: Connection refused: connect
	at com.smartbear.collaborator.standalone.ActionItemsRefreshJob.loadActionItems(ActionItemsRefreshJob.java:28)
	at com.smartbear.collaborator.jobs.AbstractActionItemsRefreshJob.doRun(AbstractActionItemsRefreshJob.java:46)
	at com.smartbear.collaborator.jobs.RefreshJob.run(RefreshJob.java:95)
	at org.eclipse.core.internal.jobs.Worker.run(Worker.java:63)

!ENTRY com.smartbear.collaborator 2 0 2023-04-13 14:09:25.734
!MESSAGE Could not connect to server to run Refresh Action Items
!STACK 0
com.smartbear.ccollab.client.CollabClientServerConnectivityException: java.io.IOException: Connect to 127.0.0.1:14202 [/127.0.0.1] failed: Connection refused: connect
	at com.smartbear.collaborator.standalone.ActionItemsRefreshJob.loadActionItems(ActionItemsRefreshJob.java:28)
	at com.smartbear.collaborator.jobs.AbstractActionItemsRefreshJob.doRun(AbstractActionItemsRefreshJob.java:46)
	at com.smartbear.collaborator.jobs.RefreshJob.run(RefreshJob.java:95)
	at org.eclipse.core.internal.jobs.Worker.run(Worker.java:63)

!ENTRY com.smartbear.collaborator 2 0 2023-04-13 14:14:25.816
!MESSAGE Could not connect to server to run Refresh Action Items
!STACK 0
com.smartbear.ccollab.client.CollabClientServerConnectivityException: java.io.IOException: Connect to 127.0.0.1:14202 [/127.0.0.1] failed: Connection refused: connect
	at com.smartbear.collaborator.standalone.ActionItemsRefreshJob.loadActionItems(ActionItemsRefreshJob.java:28)
	at com.smartbear.collaborator.jobs.AbstractActionItemsRefreshJob.doRun(AbstractActionItemsRefreshJob.java:46)
	at com.smartbear.collaborator.jobs.RefreshJob.run(RefreshJob.java:95)
	at org.eclipse.core.internal.jobs.Worker.run(Worker.java:63)

!ENTRY com.smartbear.collaborator 2 0 2023-04-13 14:19:25.838
!MESSAGE Could not connect to server to run Refresh Action Items
!STACK 0
com.smartbear.ccollab.client.CollabClientServerConnectivityException: java.io.IOException: Connect to 127.0.0.1:14202 [/127.0.0.1] failed: Connection refused: connect
	at com.smartbear.collaborator.standalone.ActionItemsRefreshJob.loadActionItems(ActionItemsRefreshJob.java:28)
	at com.smartbear.collaborator.jobs.AbstractActionItemsRefreshJob.doRun(AbstractActionItemsRefreshJob.java:46)
	at com.smartbear.collaborator.jobs.RefreshJob.run(RefreshJob.java:95)
	at org.eclipse.core.internal.jobs.Worker.run(Worker.java:63)

!ENTRY com.smartbear.collaborator 2 0 2023-04-13 16:19:50.215
!MESSAGE Could not connect to server to run Refresh Action Items
!STACK 0
com.smartbear.ccollab.client.CollabClientServerConnectivityException: java.io.IOException: Connect to 127.0.0.1:14202 [/127.0.0.1] failed: Connection refused: connect
	at com.smartbear.collaborator.standalone.ActionItemsRefreshJob.loadActionItems(ActionItemsRefreshJob.java:28)
	at com.smartbear.collaborator.jobs.AbstractActionItemsRefreshJob.doRun(AbstractActionItemsRefreshJob.java:46)
	at com.smartbear.collaborator.jobs.RefreshJob.run(RefreshJob.java:95)
	at org.eclipse.core.internal.jobs.Worker.run(Worker.java:63)
!SESSION 2023-04-14 15:22:15.415 -----------------------------------------------
eclipse.buildId=unknown
java.version=11
java.vendor=Oracle Corporation
BootLoader constants: OS=win32, ARCH=x86_64, WS=win32, NL=en_IN

!ENTRY org.eclipse.text.quicksearch 4 0 2023-04-14 15:22:21.212
!MESSAGE FrameworkEvent ERROR
!STACK 0
org.osgi.framework.BundleException: Could not resolve module: org.eclipse.text.quicksearch [175]
  Unresolved requirement: Require-Bundle: org.apache.ant; bundle-version="[1.10.0,2.0.0)"

	at org.eclipse.osgi.container.Module.start(Module.java:463)
	at org.eclipse.osgi.container.ModuleContainer$ContainerStartLevel$2.run(ModuleContainer.java:1845)
	at org.eclipse.osgi.internal.framework.EquinoxContainerAdaptor$1$1.execute(EquinoxContainerAdaptor.java:136)
	at org.eclipse.osgi.container.ModuleContainer$ContainerStartLevel.incStartLevel(ModuleContainer.java:1838)
	at org.eclipse.osgi.container.ModuleContainer$ContainerStartLevel.incStartLevel(ModuleContainer.java:1779)
	at org.eclipse.osgi.container.ModuleContainer$ContainerStartLevel.doContainerStartLevel(ModuleContainer.java:1743)
	at org.eclipse.osgi.container.ModuleContainer$ContainerStartLevel.dispatchEvent(ModuleContainer.java:1665)
	at org.eclipse.osgi.container.ModuleContainer$ContainerStartLevel.dispatchEvent(ModuleContainer.java:1)
	at org.eclipse.osgi.framework.eventmgr.EventManager.dispatchEvent(EventManager.java:234)
	at org.eclipse.osgi.framework.eventmgr.EventManager$EventThread.run(EventManager.java:345)

!ENTRY com.smartbear.collaborator.ui.standalone 4 0 2023-04-14 15:22:22.098
!MESSAGE Collaborator version 14.2.14202

!ENTRY com.smartbear.collaborator 1 0 2023-04-14 15:22:23.517
!MESSAGE INFO: Fri Apr 14 15:22:23 IST 2023: com.smartbear.util.PoolThreadFactory
Thread CommandRunner-1062559972-1 created by thread ModalContext

!ENTRY com.smartbear.collaborator 1 0 2023-04-14 15:22:23.524
!MESSAGE INFO: Fri Apr 14 15:22:23 IST 2023: com.smartbear.util.PoolThreadFactory
Thread CommandRunner-1062559972-2 created by thread ModalContext

!ENTRY com.smartbear.collaborator 1 0 2023-04-14 15:22:23.632
!MESSAGE INFO: Fri Apr 14 15:22:23 IST 2023: com.smartbear.util.PoolThreadFactory
Thread CommandRunner-902213417-1 created by thread ModalContext

!ENTRY com.smartbear.collaborator 1 0 2023-04-14 15:22:23.644
!MESSAGE INFO: Fri Apr 14 15:22:23 IST 2023: com.smartbear.util.PoolThreadFactory
Thread CommandRunner-902213417-2 created by thread ModalContext

!ENTRY com.smartbear.collaborator 1 0 2023-04-14 15:22:23.780
!MESSAGE INFO: Fri Apr 14 15:22:23 IST 2023: com.smartbear.util.PoolThreadFactory
Thread CommandRunner-902213417-3 created by thread ModalContext

!ENTRY com.smartbear.collaborator 1 0 2023-04-14 15:22:23.924
!MESSAGE INFO: Fri Apr 14 15:22:23 IST 2023: com.smartbear.util.PoolThreadFactory
Thread CommandRunner-1031964636-1 created by thread ModalContext

!ENTRY com.smartbear.collaborator 1 0 2023-04-14 15:22:23.959
!MESSAGE INFO: Fri Apr 14 15:22:23 IST 2023: com.smartbear.util.PoolThreadFactory
Thread CommandRunner-1031964636-2 created by thread ModalContext

!ENTRY com.smartbear.collaborator.ui.standalone 4 0 2023-04-14 15:22:24.042
!MESSAGE Could not determine SCM Configuration for ScmConfig com.smartbear.collaborator.standalone.ScmConfig@7a083b96
!STACK 0
com.smartbear.scm.ScmConfigurationException: Current directory is not controlled by a Git repository.
	at com.smartbear.scm.impl.git.GitSystem.getClientConfiguration(GitSystem.java:166)
	at com.smartbear.scm.ScmUtils.requireScm(ScmUtils.java:582)
	at com.smartbear.collaborator.standalone.ScmConfig.getClientConfig(ScmConfig.java:139)
	at com.smartbear.collaborator.ui.standalone.CollabGUIApp$3.run(CollabGUIApp.java:156)
	at com.smartbear.collaborator.ui.standalone.CollabGuiWindow$8.run(CollabGuiWindow.java:401)
	at org.eclipse.jface.operation.ModalContext$ModalContextThread.run(ModalContext.java:122)
Caused by: com.smartbear.cmdline.ScmCommunicationException: Unexpected output on stderr starting with:
fatal: not a git repository (or any of the parent directories): .git
	at com.smartbear.scm.cmd.impl.ScmCmds.throwIfNotEmpty(ScmCmds.java:52)
	at com.smartbear.scm.impl.git.GitTextCmd.handleStdErr(GitTextCmd.java:24)
	at com.smartbear.scm.cmd.impl.ScmTextCmdAdapter.handleStdErr(ScmTextCmdAdapter.java:43)
	at com.smartbear.scm.cmd.impl.CommandRunner$3.run(CommandRunner.java:172)
	at com.smartbear.scm.cmd.impl.CommandRunner$3.run(CommandRunner.java:169)
	at com.smartbear.scm.cmd.impl.CommandRunner$StreamHandler.call(CommandRunner.java:225)
	at com.smartbear.scm.cmd.impl.CommandRunner$StreamHandler.call(CommandRunner.java:215)
	at java.base/java.util.concurrent.FutureTask.run(FutureTask.java:264)
	at java.base/java.util.concurrent.ThreadPoolExecutor.runWorker(ThreadPoolExecutor.java:1128)
	at java.base/java.util.concurrent.ThreadPoolExecutor$Worker.run(ThreadPoolExecutor.java:628)
	at java.base/java.lang.Thread.run(Thread.java:834)

!ENTRY com.smartbear.collaborator 1 0 2023-04-14 15:22:24.097
!MESSAGE INFO: Fri Apr 14 15:22:24 IST 2023: com.smartbear.util.PoolThreadFactory
Thread CommandRunner-1775807445-1 created by thread ModalContext

!ENTRY com.smartbear.collaborator 1 0 2023-04-14 15:22:24.108
!MESSAGE INFO: Fri Apr 14 15:22:24 IST 2023: com.smartbear.util.PoolThreadFactory
Thread CommandRunner-1775807445-2 created by thread ModalContext

!ENTRY com.smartbear.collaborator 1 0 2023-04-14 15:22:24.245
!MESSAGE INFO: Fri Apr 14 15:22:24 IST 2023: com.smartbear.util.PoolThreadFactory
Thread CommandRunner-639779493-1 created by thread ModalContext

!ENTRY com.smartbear.collaborator 1 0 2023-04-14 15:22:24.257
!MESSAGE INFO: Fri Apr 14 15:22:24 IST 2023: com.smartbear.util.PoolThreadFactory
Thread CommandRunner-639779493-2 created by thread ModalContext

!ENTRY com.smartbear.collaborator 1 0 2023-04-14 15:22:24.346
!MESSAGE INFO: Fri Apr 14 15:22:24 IST 2023: com.smartbear.util.PoolThreadFactory
Thread CommandRunner-639779493-3 created by thread ModalContext

!ENTRY com.smartbear.collaborator 1 0 2023-04-14 15:23:15.846
!MESSAGE INFO: Fri Apr 14 15:23:15 IST 2023: com.smartbear.util.PoolThreadFactory
Thread CommandRunner-788877168-1 created by thread main

!ENTRY com.smartbear.collaborator 1 0 2023-04-14 15:23:15.856
!MESSAGE INFO: Fri Apr 14 15:23:15 IST 2023: com.smartbear.util.PoolThreadFactory
Thread CommandRunner-788877168-2 created by thread main

!ENTRY com.smartbear.collaborator.ui.standalone 4 0 2023-04-14 15:23:15.944
!MESSAGE Error validating SCM configuration
!STACK 0
com.smartbear.scm.ScmConfigurationException: Current directory is not controlled by a Git repository.
	at com.smartbear.scm.impl.git.GitSystem.getClientConfiguration(GitSystem.java:166)
	at com.smartbear.scm.ScmUtils.requireScm(ScmUtils.java:582)
	at com.smartbear.collaborator.standalone.ScmConfig.getClientConfig(ScmConfig.java:139)
	at com.smartbear.collaborator.ui.standalone.scmconfigs.ScmConfigDialog.okPressed(ScmConfigDialog.java:574)
	at org.eclipse.jface.dialogs.Dialog.buttonPressed(Dialog.java:468)
	at org.eclipse.jface.dialogs.Dialog.lambda$0(Dialog.java:619)
	at org.eclipse.swt.events.SelectionListener$1.widgetSelected(SelectionListener.java:84)
	at org.eclipse.swt.widgets.TypedListener.handleEvent(TypedListener.java:252)
	at org.eclipse.swt.widgets.EventTable.sendEvent(EventTable.java:89)
	at org.eclipse.swt.widgets.Display.sendEvent(Display.java:4213)
	at org.eclipse.swt.widgets.Widget.sendEvent(Widget.java:1037)
	at org.eclipse.swt.widgets.Display.runDeferredEvents(Display.java:4030)
	at org.eclipse.swt.widgets.Display.readAndDispatch(Display.java:3630)
	at org.eclipse.jface.window.Window.runEventLoop(Window.java:823)
	at org.eclipse.jface.window.Window.open(Window.java:799)
	at com.smartbear.collaborator.ui.standalone.scmconfigs.ScmConfigsViewer$3.widgetSelected(ScmConfigsViewer.java:167)
	at org.eclipse.swt.widgets.TypedListener.handleEvent(TypedListener.java:252)
	at org.eclipse.swt.widgets.EventTable.sendEvent(EventTable.java:89)
	at org.eclipse.swt.widgets.Display.sendEvent(Display.java:4213)
	at org.eclipse.swt.widgets.Widget.sendEvent(Widget.java:1037)
	at org.eclipse.swt.widgets.Display.runDeferredEvents(Display.java:4030)
	at org.eclipse.swt.widgets.Display.readAndDispatch(Display.java:3630)
	at com.smartbear.collaborator.ui.standalone.StandaloneUI.run(StandaloneUI.java:372)
	at java.base/jdk.internal.reflect.NativeMethodAccessorImpl.invoke0(Native Method)
	at java.base/jdk.internal.reflect.NativeMethodAccessorImpl.invoke(NativeMethodAccessorImpl.java:62)
	at java.base/jdk.internal.reflect.DelegatingMethodAccessorImpl.invoke(DelegatingMethodAccessorImpl.java:43)
	at java.base/java.lang.reflect.Method.invoke(Method.java:566)
	at org.eclipse.equinox.internal.app.EclipseAppContainer.callMethodWithException(EclipseAppContainer.java:593)
	at org.eclipse.equinox.internal.app.EclipseAppHandle.run(EclipseAppHandle.java:205)
	at org.eclipse.core.runtime.internal.adaptor.EclipseAppLauncher.runApplication(EclipseAppLauncher.java:137)
	at org.eclipse.core.runtime.internal.adaptor.EclipseAppLauncher.start(EclipseAppLauncher.java:107)
	at org.eclipse.core.runtime.adaptor.EclipseStarter.run(EclipseStarter.java:401)
	at java.base/jdk.internal.reflect.NativeMethodAccessorImpl.invoke0(Native Method)
	at java.base/jdk.internal.reflect.NativeMethodAccessorImpl.invoke(NativeMethodAccessorImpl.java:62)
	at java.base/jdk.internal.reflect.DelegatingMethodAccessorImpl.invoke(DelegatingMethodAccessorImpl.java:43)
	at java.base/java.lang.reflect.Method.invoke(Method.java:566)
	at com.smartbear.ccollab.client.commands.eclipse.AbstractGuiCommand$EclipseMainWithApplicationArgument.invokeFramework(AbstractGuiCommand.java:248)
	at org.eclipse.core.launcher.Main.basicRun(Main.java:313)
	at org.eclipse.core.launcher.Main.run(Main.java:1010)
	at com.smartbear.ccollab.client.commands.eclipse.AbstractGuiCommand$EclipseMainWithApplicationArgument.run(AbstractGuiCommand.java:216)
	at com.smartbear.ccollab.client.commands.eclipse.AbstractGuiCommand.executeJson(AbstractGuiCommand.java:186)
	at com.smartbear.ccollab.client.commands.Command.validateAndExecute(Command.java:360)
	at com.smartbear.ccollab.CLI.doMain(CLI.java:908)
	at com.smartbear.ccollab.GuiMain.main(GuiMain.java:50)
	at java.base/jdk.internal.reflect.NativeMethodAccessorImpl.invoke0(Native Method)
	at java.base/jdk.internal.reflect.NativeMethodAccessorImpl.invoke(NativeMethodAccessorImpl.java:62)
	at java.base/jdk.internal.reflect.DelegatingMethodAccessorImpl.invoke(DelegatingMethodAccessorImpl.java:43)
	at java.base/java.lang.reflect.Method.invoke(Method.java:566)
	at com.exe4j.runtime.LauncherEngine.launch(LauncherEngine.java:85)
	at com.exe4j.runtime.WinLauncher.main(WinLauncher.java:94)
	at com.install4j.runtime.launcher.WinLauncher.main(WinLauncher.java:25)
Caused by: com.smartbear.cmdline.ScmCommunicationException: Unexpected output on stderr starting with:
fatal: detected dubious ownership in repository at 'C:/Users/srinivas.raj/Documents/newgit_repo'
	'S-1-5-32-544'
	'S-1-5-21-2873687759-3163052806-126746348-26639'

	at com.smartbear.scm.cmd.impl.ScmCmds.throwIfNotEmpty(ScmCmds.java:52)
	at com.smartbear.scm.impl.git.GitTextCmd.handleStdErr(GitTextCmd.java:24)
	at com.smartbear.scm.cmd.impl.ScmTextCmdAdapter.handleStdErr(ScmTextCmdAdapter.java:43)
	at com.smartbear.scm.cmd.impl.CommandRunner$3.run(CommandRunner.java:172)
	at com.smartbear.scm.cmd.impl.CommandRunner$3.run(CommandRunner.java:169)
	at com.smartbear.scm.cmd.impl.CommandRunner$StreamHandler.call(CommandRunner.java:225)
	at com.smartbear.scm.cmd.impl.CommandRunner$StreamHandler.call(CommandRunner.java:215)
	at java.base/java.util.concurrent.FutureTask.run(FutureTask.java:264)
	at java.base/java.util.concurrent.ThreadPoolExecutor.runWorker(ThreadPoolExecutor.java:1128)
	at java.base/java.util.concurrent.ThreadPoolExecutor$Worker.run(ThreadPoolExecutor.java:628)
	at java.base/java.lang.Thread.run(Thread.java:834)

!ENTRY com.smartbear.collaborator 1 0 2023-04-14 15:23:31.213
!MESSAGE INFO: Fri Apr 14 15:23:31 IST 2023: com.smartbear.util.PoolThreadFactory
Thread CommandRunner-1669699287-1 created by thread ModalContext

!ENTRY com.smartbear.collaborator 1 0 2023-04-14 15:23:31.223
!MESSAGE INFO: Fri Apr 14 15:23:31 IST 2023: com.smartbear.util.PoolThreadFactory
Thread CommandRunner-1669699287-2 created by thread ModalContext

!ENTRY com.smartbear.collaborator.ui.standalone 4 0 2023-04-14 15:23:31.340
!MESSAGE Could not determine SCM Configuration for ScmConfig com.smartbear.collaborator.standalone.ScmConfig@7a083b96
!STACK 0
com.smartbear.scm.ScmConfigurationException: Current directory is not controlled by a Git repository.
	at com.smartbear.scm.impl.git.GitSystem.getClientConfiguration(GitSystem.java:166)
	at com.smartbear.scm.ScmUtils.requireScm(ScmUtils.java:582)
	at com.smartbear.collaborator.standalone.ScmConfig.getClientConfig(ScmConfig.java:139)
	at com.smartbear.collaborator.ui.standalone.CollabGUIApp$3.run(CollabGUIApp.java:156)
	at com.smartbear.collaborator.ui.standalone.CollabGuiWindow$8.run(CollabGuiWindow.java:401)
	at org.eclipse.jface.operation.ModalContext$ModalContextThread.run(ModalContext.java:122)
Caused by: com.smartbear.cmdline.ScmCommunicationException: Unexpected output on stderr starting with:
fatal: not a git repository (or any of the parent directories): .git
	at com.smartbear.scm.cmd.impl.ScmCmds.throwIfNotEmpty(ScmCmds.java:52)
	at com.smartbear.scm.impl.git.GitTextCmd.handleStdErr(GitTextCmd.java:24)
	at com.smartbear.scm.cmd.impl.ScmTextCmdAdapter.handleStdErr(ScmTextCmdAdapter.java:43)
	at com.smartbear.scm.cmd.impl.CommandRunner$3.run(CommandRunner.java:172)
	at com.smartbear.scm.cmd.impl.CommandRunner$3.run(CommandRunner.java:169)
	at com.smartbear.scm.cmd.impl.CommandRunner$StreamHandler.call(CommandRunner.java:225)
	at com.smartbear.scm.cmd.impl.CommandRunner$StreamHandler.call(CommandRunner.java:215)
	at java.base/java.util.concurrent.FutureTask.run(FutureTask.java:264)
	at java.base/java.util.concurrent.ThreadPoolExecutor.runWorker(ThreadPoolExecutor.java:1128)
	at java.base/java.util.concurrent.ThreadPoolExecutor$Worker.run(ThreadPoolExecutor.java:628)
	at java.base/java.lang.Thread.run(Thread.java:834)

!ENTRY com.smartbear.collaborator 1 0 2023-04-14 15:23:31.379
!MESSAGE INFO: Fri Apr 14 15:23:31 IST 2023: com.smartbear.util.PoolThreadFactory
Thread CommandRunner-1191632925-1 created by thread ModalContext

!ENTRY com.smartbear.collaborator 1 0 2023-04-14 15:23:31.389
!MESSAGE INFO: Fri Apr 14 15:23:31 IST 2023: com.smartbear.util.PoolThreadFactory
Thread CommandRunner-1191632925-2 created by thread ModalContext

!ENTRY com.smartbear.collaborator.ui.standalone 4 0 2023-04-14 15:23:31.511
!MESSAGE Could not determine SCM Configuration for ScmConfig com.smartbear.collaborator.standalone.ScmConfig@ccd341d
!STACK 0
com.smartbear.scm.ScmConfigurationException: Current directory is not controlled by a Git repository.
	at com.smartbear.scm.impl.git.GitSystem.getClientConfiguration(GitSystem.java:166)
	at com.smartbear.scm.ScmUtils.requireScm(ScmUtils.java:582)
	at com.smartbear.collaborator.standalone.ScmConfig.getClientConfig(ScmConfig.java:139)
	at com.smartbear.collaborator.ui.standalone.CollabGUIApp$3.run(CollabGUIApp.java:156)
	at com.smartbear.collaborator.ui.standalone.CollabGuiWindow$8.run(CollabGuiWindow.java:401)
	at org.eclipse.jface.operation.ModalContext$ModalContextThread.run(ModalContext.java:122)
Caused by: com.smartbear.cmdline.ScmCommunicationException: Unexpected output on stderr starting with:
fatal: detected dubious ownership in repository at 'C:/Users/srinivas.raj/Documents/newgit_repo'
	'S-1-5-32-544'
	'S-1-5-21-2873687759-3163052806-126746348-26639'

	at com.smartbear.scm.cmd.impl.ScmCmds.throwIfNotEmpty(ScmCmds.java:52)
	at com.smartbear.scm.impl.git.GitTextCmd.handleStdErr(GitTextCmd.java:24)
	at com.smartbear.scm.cmd.impl.ScmTextCmdAdapter.handleStdErr(ScmTextCmdAdapter.java:43)
	at com.smartbear.scm.cmd.impl.CommandRunner$3.run(CommandRunner.java:172)
	at com.smartbear.scm.cmd.impl.CommandRunner$3.run(CommandRunner.java:169)
	at com.smartbear.scm.cmd.impl.CommandRunner$StreamHandler.call(CommandRunner.java:225)
	at com.smartbear.scm.cmd.impl.CommandRunner$StreamHandler.call(CommandRunner.java:215)
	at java.base/java.util.concurrent.FutureTask.run(FutureTask.java:264)
	at java.base/java.util.concurrent.ThreadPoolExecutor.runWorker(ThreadPoolExecutor.java:1128)
	at java.base/java.util.concurrent.ThreadPoolExecutor$Worker.run(ThreadPoolExecutor.java:628)
	at java.base/java.lang.Thread.run(Thread.java:834)

!ENTRY com.smartbear.collaborator 1 0 2023-04-14 15:23:43.839
!MESSAGE INFO: Fri Apr 14 15:23:43 IST 2023: com.smartbear.util.PoolThreadFactory
Thread CommandRunner-1244360575-1 created by thread ModalContext

!ENTRY com.smartbear.collaborator 1 0 2023-04-14 15:23:43.850
!MESSAGE INFO: Fri Apr 14 15:23:43 IST 2023: com.smartbear.util.PoolThreadFactory
Thread CommandRunner-1244360575-2 created by thread ModalContext

!ENTRY com.smartbear.collaborator.ui.standalone 4 0 2023-04-14 15:23:44.021
!MESSAGE Could not get client configuration from ScmConfig com.smartbear.collaborator.standalone.ScmConfig@ccd341d
!STACK 0
com.smartbear.scm.ScmConfigurationException: Current directory is not controlled by a Git repository.
	at com.smartbear.scm.impl.git.GitSystem.getClientConfiguration(GitSystem.java:166)
	at com.smartbear.scm.ScmUtils.requireScm(ScmUtils.java:582)
	at com.smartbear.collaborator.standalone.ScmConfig.getClientConfig(ScmConfig.java:139)
	at com.smartbear.collaborator.ui.standalone.CollabGUIApp$3.run(CollabGUIApp.java:156)
	at com.smartbear.collaborator.ui.standalone.CollabGuiWindow$8.run(CollabGuiWindow.java:401)
	at org.eclipse.jface.operation.ModalContext$ModalContextThread.run(ModalContext.java:122)
Caused by: com.smartbear.cmdline.ScmCommunicationException: Unexpected output on stderr starting with:
fatal: detected dubious ownership in repository at 'C:/Users/srinivas.raj/Documents/newgit_repo'
	'S-1-5-32-544'
	'S-1-5-21-2873687759-3163052806-126746348-26639'

	at com.smartbear.scm.cmd.impl.ScmCmds.throwIfNotEmpty(ScmCmds.java:52)
	at com.smartbear.scm.impl.git.GitTextCmd.handleStdErr(GitTextCmd.java:24)
	at com.smartbear.scm.cmd.impl.ScmTextCmdAdapter.handleStdErr(ScmTextCmdAdapter.java:43)
	at com.smartbear.scm.cmd.impl.CommandRunner$3.run(CommandRunner.java:172)
	at com.smartbear.scm.cmd.impl.CommandRunner$3.run(CommandRunner.java:169)
	at com.smartbear.scm.cmd.impl.CommandRunner$StreamHandler.call(CommandRunner.java:225)
	at com.smartbear.scm.cmd.impl.CommandRunner$StreamHandler.call(CommandRunner.java:215)
	at java.base/java.util.concurrent.FutureTask.run(FutureTask.java:264)
	at java.base/java.util.concurrent.ThreadPoolExecutor.runWorker(ThreadPoolExecutor.java:1128)
	at java.base/java.util.concurrent.ThreadPoolExecutor$Worker.run(ThreadPoolExecutor.java:628)
	at java.base/java.lang.Thread.run(Thread.java:834)

!ENTRY com.smartbear.collaborator 1 0 2023-04-14 15:23:47.921
!MESSAGE INFO: Fri Apr 14 15:23:47 IST 2023: com.smartbear.util.PoolThreadFactory
Thread CommandRunner-1389058204-1 created by thread ModalContext

!ENTRY com.smartbear.collaborator 1 0 2023-04-14 15:23:47.930
!MESSAGE INFO: Fri Apr 14 15:23:47 IST 2023: com.smartbear.util.PoolThreadFactory
Thread CommandRunner-1389058204-2 created by thread ModalContext

!ENTRY com.smartbear.collaborator.ui.standalone 4 0 2023-04-14 15:23:48.042
!MESSAGE Could not determine SCM Configuration for ScmConfig com.smartbear.collaborator.standalone.ScmConfig@7a083b96
!STACK 0
com.smartbear.scm.ScmConfigurationException: Current directory is not controlled by a Git repository.
	at com.smartbear.scm.impl.git.GitSystem.getClientConfiguration(GitSystem.java:166)
	at com.smartbear.scm.ScmUtils.requireScm(ScmUtils.java:582)
	at com.smartbear.collaborator.standalone.ScmConfig.getClientConfig(ScmConfig.java:139)
	at com.smartbear.collaborator.ui.standalone.CollabGUIApp$3.run(CollabGUIApp.java:156)
	at com.smartbear.collaborator.ui.standalone.CollabGuiWindow$8.run(CollabGuiWindow.java:401)
	at org.eclipse.jface.operation.ModalContext$ModalContextThread.run(ModalContext.java:122)
Caused by: com.smartbear.cmdline.ScmCommunicationException: Unexpected output on stderr starting with:
fatal: not a git repository (or any of the parent directories): .git
	at com.smartbear.scm.cmd.impl.ScmCmds.throwIfNotEmpty(ScmCmds.java:52)
	at com.smartbear.scm.impl.git.GitTextCmd.handleStdErr(GitTextCmd.java:24)
	at com.smartbear.scm.cmd.impl.ScmTextCmdAdapter.handleStdErr(ScmTextCmdAdapter.java:43)
	at com.smartbear.scm.cmd.impl.CommandRunner$3.run(CommandRunner.java:172)
	at com.smartbear.scm.cmd.impl.CommandRunner$3.run(CommandRunner.java:169)
	at com.smartbear.scm.cmd.impl.CommandRunner$StreamHandler.call(CommandRunner.java:225)
	at com.smartbear.scm.cmd.impl.CommandRunner$StreamHandler.call(CommandRunner.java:215)
	at java.base/java.util.concurrent.FutureTask.run(FutureTask.java:264)
	at java.base/java.util.concurrent.ThreadPoolExecutor.runWorker(ThreadPoolExecutor.java:1128)
	at java.base/java.util.concurrent.ThreadPoolExecutor$Worker.run(ThreadPoolExecutor.java:628)
	at java.base/java.lang.Thread.run(Thread.java:834)

!ENTRY com.smartbear.collaborator 1 0 2023-04-14 15:24:03.040
!MESSAGE INFO: Fri Apr 14 15:24:03 IST 2023: com.smartbear.util.PoolThreadFactory
Thread CommandRunner-1798823822-1 created by thread main

!ENTRY com.smartbear.collaborator 1 0 2023-04-14 15:24:03.053
!MESSAGE INFO: Fri Apr 14 15:24:03 IST 2023: com.smartbear.util.PoolThreadFactory
Thread CommandRunner-1798823822-2 created by thread main

!ENTRY com.smartbear.collaborator 1 0 2023-04-14 15:24:03.152
!MESSAGE INFO: Fri Apr 14 15:24:03 IST 2023: com.smartbear.util.PoolThreadFactory
Thread CommandRunner-1594424832-1 created by thread main

!ENTRY com.smartbear.collaborator 1 0 2023-04-14 15:24:03.164
!MESSAGE INFO: Fri Apr 14 15:24:03 IST 2023: com.smartbear.util.PoolThreadFactory
Thread CommandRunner-1594424832-2 created by thread main

!ENTRY com.smartbear.collaborator 1 0 2023-04-14 15:24:03.245
!MESSAGE INFO: Fri Apr 14 15:24:03 IST 2023: com.smartbear.util.PoolThreadFactory
Thread CommandRunner-1594424832-3 created by thread main

!ENTRY com.smartbear.collaborator 1 0 2023-04-14 15:24:26.410
!MESSAGE INFO: Fri Apr 14 15:24:26 IST 2023: com.smartbear.util.PoolThreadFactory
Thread CommandRunner-1567668337-1 created by thread ModalContext

!ENTRY com.smartbear.collaborator 1 0 2023-04-14 15:24:26.423
!MESSAGE INFO: Fri Apr 14 15:24:26 IST 2023: com.smartbear.util.PoolThreadFactory
Thread CommandRunner-1567668337-2 created by thread ModalContext

!ENTRY com.smartbear.collaborator 1 0 2023-04-14 15:24:26.519
!MESSAGE INFO: Fri Apr 14 15:24:26 IST 2023: com.smartbear.util.PoolThreadFactory
Thread CommandRunner-311056276-1 created by thread ModalContext

!ENTRY com.smartbear.collaborator 1 0 2023-04-14 15:24:26.531
!MESSAGE INFO: Fri Apr 14 15:24:26 IST 2023: com.smartbear.util.PoolThreadFactory
Thread CommandRunner-311056276-2 created by thread ModalContext

!ENTRY com.smartbear.collaborator 1 0 2023-04-14 15:24:26.679
!MESSAGE INFO: Fri Apr 14 15:24:26 IST 2023: com.smartbear.util.PoolThreadFactory
Thread CommandRunner-311056276-3 created by thread ModalContext

!ENTRY com.smartbear.collaborator 1 0 2023-04-14 15:24:26.894
!MESSAGE INFO: Fri Apr 14 15:24:26 IST 2023: com.smartbear.util.PoolThreadFactory
Thread CommandRunner-718879488-1 created by thread ModalContext

!ENTRY com.smartbear.collaborator 1 0 2023-04-14 15:24:26.904
!MESSAGE INFO: Fri Apr 14 15:24:26 IST 2023: com.smartbear.util.PoolThreadFactory
Thread CommandRunner-718879488-2 created by thread ModalContext

!ENTRY com.smartbear.collaborator.ui.standalone 4 0 2023-04-14 15:24:27.024
!MESSAGE Could not determine SCM Configuration for ScmConfig com.smartbear.collaborator.standalone.ScmConfig@7a083b96
!STACK 0
com.smartbear.scm.ScmConfigurationException: Current directory is not controlled by a Git repository.
	at com.smartbear.scm.impl.git.GitSystem.getClientConfiguration(GitSystem.java:166)
	at com.smartbear.scm.ScmUtils.requireScm(ScmUtils.java:582)
	at com.smartbear.collaborator.standalone.ScmConfig.getClientConfig(ScmConfig.java:139)
	at com.smartbear.collaborator.ui.standalone.CollabGUIApp$3.run(CollabGUIApp.java:156)
	at com.smartbear.collaborator.ui.standalone.CollabGuiWindow$8.run(CollabGuiWindow.java:401)
	at org.eclipse.jface.operation.ModalContext$ModalContextThread.run(ModalContext.java:122)
Caused by: com.smartbear.cmdline.ScmCommunicationException: Unexpected output on stderr starting with:
fatal: not a git repository (or any of the parent directories): .git
	at com.smartbear.scm.cmd.impl.ScmCmds.throwIfNotEmpty(ScmCmds.java:52)
	at com.smartbear.scm.impl.git.GitTextCmd.handleStdErr(GitTextCmd.java:24)
	at com.smartbear.scm.cmd.impl.ScmTextCmdAdapter.handleStdErr(ScmTextCmdAdapter.java:43)
	at com.smartbear.scm.cmd.impl.CommandRunner$3.run(CommandRunner.java:172)
	at com.smartbear.scm.cmd.impl.CommandRunner$3.run(CommandRunner.java:169)
	at com.smartbear.scm.cmd.impl.CommandRunner$StreamHandler.call(CommandRunner.java:225)
	at com.smartbear.scm.cmd.impl.CommandRunner$StreamHandler.call(CommandRunner.java:215)
	at java.base/java.util.concurrent.FutureTask.run(FutureTask.java:264)
	at java.base/java.util.concurrent.ThreadPoolExecutor.runWorker(ThreadPoolExecutor.java:1128)
	at java.base/java.util.concurrent.ThreadPoolExecutor$Worker.run(ThreadPoolExecutor.java:628)
	at java.base/java.lang.Thread.run(Thread.java:834)

!ENTRY com.smartbear.collaborator 1 0 2023-04-14 15:25:37.072
!MESSAGE INFO: Fri Apr 14 15:25:37 IST 2023: com.smartbear.util.PoolThreadFactory
Thread CommandRunner-37878764-1 created by thread main

!ENTRY com.smartbear.collaborator 1 0 2023-04-14 15:25:37.086
!MESSAGE INFO: Fri Apr 14 15:25:37 IST 2023: com.smartbear.util.PoolThreadFactory
Thread CommandRunner-37878764-2 created by thread main

!ENTRY com.smartbear.collaborator.ui.standalone 4 0 2023-04-14 15:25:37.193
!MESSAGE Error validating SCM configuration
!STACK 0
com.smartbear.scm.ScmConfigurationException: Current directory is not controlled by a Git repository.
	at com.smartbear.scm.impl.git.GitSystem.getClientConfiguration(GitSystem.java:166)
	at com.smartbear.scm.ScmUtils.requireScm(ScmUtils.java:582)
	at com.smartbear.collaborator.standalone.ScmConfig.getClientConfig(ScmConfig.java:139)
	at com.smartbear.collaborator.ui.standalone.scmconfigs.ScmConfigDialog.okPressed(ScmConfigDialog.java:574)
	at org.eclipse.jface.dialogs.Dialog.buttonPressed(Dialog.java:468)
	at org.eclipse.jface.dialogs.Dialog.lambda$0(Dialog.java:619)
	at org.eclipse.swt.events.SelectionListener$1.widgetSelected(SelectionListener.java:84)
	at org.eclipse.swt.widgets.TypedListener.handleEvent(TypedListener.java:252)
	at org.eclipse.swt.widgets.EventTable.sendEvent(EventTable.java:89)
	at org.eclipse.swt.widgets.Display.sendEvent(Display.java:4213)
	at org.eclipse.swt.widgets.Widget.sendEvent(Widget.java:1037)
	at org.eclipse.swt.widgets.Display.runDeferredEvents(Display.java:4030)
	at org.eclipse.swt.widgets.Display.readAndDispatch(Display.java:3630)
	at org.eclipse.jface.window.Window.runEventLoop(Window.java:823)
	at org.eclipse.jface.window.Window.open(Window.java:799)
	at com.smartbear.collaborator.ui.standalone.scmconfigs.ScmConfigsViewer$3.widgetSelected(ScmConfigsViewer.java:167)
	at org.eclipse.swt.widgets.TypedListener.handleEvent(TypedListener.java:252)
	at org.eclipse.swt.widgets.EventTable.sendEvent(EventTable.java:89)
	at org.eclipse.swt.widgets.Display.sendEvent(Display.java:4213)
	at org.eclipse.swt.widgets.Widget.sendEvent(Widget.java:1037)
	at org.eclipse.swt.widgets.Display.runDeferredEvents(Display.java:4030)
	at org.eclipse.swt.widgets.Display.readAndDispatch(Display.java:3630)
	at com.smartbear.collaborator.ui.standalone.StandaloneUI.run(StandaloneUI.java:372)
	at java.base/jdk.internal.reflect.NativeMethodAccessorImpl.invoke0(Native Method)
	at java.base/jdk.internal.reflect.NativeMethodAccessorImpl.invoke(NativeMethodAccessorImpl.java:62)
	at java.base/jdk.internal.reflect.DelegatingMethodAccessorImpl.invoke(DelegatingMethodAccessorImpl.java:43)
	at java.base/java.lang.reflect.Method.invoke(Method.java:566)
	at org.eclipse.equinox.internal.app.EclipseAppContainer.callMethodWithException(EclipseAppContainer.java:593)
	at org.eclipse.equinox.internal.app.EclipseAppHandle.run(EclipseAppHandle.java:205)
	at org.eclipse.core.runtime.internal.adaptor.EclipseAppLauncher.runApplication(EclipseAppLauncher.java:137)
	at org.eclipse.core.runtime.internal.adaptor.EclipseAppLauncher.start(EclipseAppLauncher.java:107)
	at org.eclipse.core.runtime.adaptor.EclipseStarter.run(EclipseStarter.java:401)
	at java.base/jdk.internal.reflect.NativeMethodAccessorImpl.invoke0(Native Method)
	at java.base/jdk.internal.reflect.NativeMethodAccessorImpl.invoke(NativeMethodAccessorImpl.java:62)
	at java.base/jdk.internal.reflect.DelegatingMethodAccessorImpl.invoke(DelegatingMethodAccessorImpl.java:43)
	at java.base/java.lang.reflect.Method.invoke(Method.java:566)
	at com.smartbear.ccollab.client.commands.eclipse.AbstractGuiCommand$EclipseMainWithApplicationArgument.invokeFramework(AbstractGuiCommand.java:248)
	at org.eclipse.core.launcher.Main.basicRun(Main.java:313)
	at org.eclipse.core.launcher.Main.run(Main.java:1010)
	at com.smartbear.ccollab.client.commands.eclipse.AbstractGuiCommand$EclipseMainWithApplicationArgument.run(AbstractGuiCommand.java:216)
	at com.smartbear.ccollab.client.commands.eclipse.AbstractGuiCommand.executeJson(AbstractGuiCommand.java:186)
	at com.smartbear.ccollab.client.commands.Command.validateAndExecute(Command.java:360)
	at com.smartbear.ccollab.CLI.doMain(CLI.java:908)
	at com.smartbear.ccollab.GuiMain.main(GuiMain.java:50)
	at java.base/jdk.internal.reflect.NativeMethodAccessorImpl.invoke0(Native Method)
	at java.base/jdk.internal.reflect.NativeMethodAccessorImpl.invoke(NativeMethodAccessorImpl.java:62)
	at java.base/jdk.internal.reflect.DelegatingMethodAccessorImpl.invoke(DelegatingMethodAccessorImpl.java:43)
	at java.base/java.lang.reflect.Method.invoke(Method.java:566)
	at com.exe4j.runtime.LauncherEngine.launch(LauncherEngine.java:85)
	at com.exe4j.runtime.WinLauncher.main(WinLauncher.java:94)
	at com.install4j.runtime.launcher.WinLauncher.main(WinLauncher.java:25)
Caused by: com.smartbear.cmdline.ScmCommunicationException: Unexpected output on stderr starting with:
fatal: detected dubious ownership in repository at 'C:/Users/srinivas.raj/Documents/newgit_repo'
	'S-1-5-32-544'
	'S-1-5-21-2873687759-3163052806-126746348-26639'

	at com.smartbear.scm.cmd.impl.ScmCmds.throwIfNotEmpty(ScmCmds.java:52)
	at com.smartbear.scm.impl.git.GitTextCmd.handleStdErr(GitTextCmd.java:24)
	at com.smartbear.scm.cmd.impl.ScmTextCmdAdapter.handleStdErr(ScmTextCmdAdapter.java:43)
	at com.smartbear.scm.cmd.impl.CommandRunner$3.run(CommandRunner.java:172)
	at com.smartbear.scm.cmd.impl.CommandRunner$3.run(CommandRunner.java:169)
	at com.smartbear.scm.cmd.impl.CommandRunner$StreamHandler.call(CommandRunner.java:225)
	at com.smartbear.scm.cmd.impl.CommandRunner$StreamHandler.call(CommandRunner.java:215)
	at java.base/java.util.concurrent.FutureTask.run(FutureTask.java:264)
	at java.base/java.util.concurrent.ThreadPoolExecutor.runWorker(ThreadPoolExecutor.java:1128)
	at java.base/java.util.concurrent.ThreadPoolExecutor$Worker.run(ThreadPoolExecutor.java:628)
	at java.base/java.lang.Thread.run(Thread.java:834)

!ENTRY com.smartbear.collaborator 1 0 2023-04-14 15:27:30.394
!MESSAGE INFO: Fri Apr 14 15:27:30 IST 2023: com.smartbear.util.PoolThreadFactory
Thread CommandRunner-1226803249-1 created by thread main

!ENTRY com.smartbear.collaborator 1 0 2023-04-14 15:27:30.406
!MESSAGE INFO: Fri Apr 14 15:27:30 IST 2023: com.smartbear.util.PoolThreadFactory
Thread CommandRunner-1226803249-2 created by thread main

!ENTRY com.smartbear.collaborator.ui.standalone 4 0 2023-04-14 15:27:30.507
!MESSAGE Error validating SCM configuration
!STACK 0
com.smartbear.scm.ScmConfigurationException: Current directory is not controlled by a Git repository.
	at com.smartbear.scm.impl.git.GitSystem.getClientConfiguration(GitSystem.java:166)
	at com.smartbear.scm.ScmUtils.requireScm(ScmUtils.java:582)
	at com.smartbear.collaborator.standalone.ScmConfig.getClientConfig(ScmConfig.java:139)
	at com.smartbear.collaborator.ui.standalone.scmconfigs.ScmConfigDialog.okPressed(ScmConfigDialog.java:574)
	at org.eclipse.jface.dialogs.Dialog.buttonPressed(Dialog.java:468)
	at org.eclipse.jface.dialogs.Dialog.lambda$0(Dialog.java:619)
	at org.eclipse.swt.events.SelectionListener$1.widgetSelected(SelectionListener.java:84)
	at org.eclipse.swt.widgets.TypedListener.handleEvent(TypedListener.java:252)
	at org.eclipse.swt.widgets.EventTable.sendEvent(EventTable.java:89)
	at org.eclipse.swt.widgets.Display.sendEvent(Display.java:4213)
	at org.eclipse.swt.widgets.Widget.sendEvent(Widget.java:1037)
	at org.eclipse.swt.widgets.Display.runDeferredEvents(Display.java:4030)
	at org.eclipse.swt.widgets.Display.readAndDispatch(Display.java:3630)
	at org.eclipse.jface.window.Window.runEventLoop(Window.java:823)
	at org.eclipse.jface.window.Window.open(Window.java:799)
	at com.smartbear.collaborator.ui.standalone.scmconfigs.ScmConfigsViewer$3.widgetSelected(ScmConfigsViewer.java:167)
	at org.eclipse.swt.widgets.TypedListener.handleEvent(TypedListener.java:252)
	at org.eclipse.swt.widgets.EventTable.sendEvent(EventTable.java:89)
	at org.eclipse.swt.widgets.Display.sendEvent(Display.java:4213)
	at org.eclipse.swt.widgets.Widget.sendEvent(Widget.java:1037)
	at org.eclipse.swt.widgets.Display.runDeferredEvents(Display.java:4030)
	at org.eclipse.swt.widgets.Display.readAndDispatch(Display.java:3630)
	at com.smartbear.collaborator.ui.standalone.StandaloneUI.run(StandaloneUI.java:372)
	at java.base/jdk.internal.reflect.NativeMethodAccessorImpl.invoke0(Native Method)
	at java.base/jdk.internal.reflect.NativeMethodAccessorImpl.invoke(NativeMethodAccessorImpl.java:62)
	at java.base/jdk.internal.reflect.DelegatingMethodAccessorImpl.invoke(DelegatingMethodAccessorImpl.java:43)
	at java.base/java.lang.reflect.Method.invoke(Method.java:566)
	at org.eclipse.equinox.internal.app.EclipseAppContainer.callMethodWithException(EclipseAppContainer.java:593)
	at org.eclipse.equinox.internal.app.EclipseAppHandle.run(EclipseAppHandle.java:205)
	at org.eclipse.core.runtime.internal.adaptor.EclipseAppLauncher.runApplication(EclipseAppLauncher.java:137)
	at org.eclipse.core.runtime.internal.adaptor.EclipseAppLauncher.start(EclipseAppLauncher.java:107)
	at org.eclipse.core.runtime.adaptor.EclipseStarter.run(EclipseStarter.java:401)
	at java.base/jdk.internal.reflect.NativeMethodAccessorImpl.invoke0(Native Method)
	at java.base/jdk.internal.reflect.NativeMethodAccessorImpl.invoke(NativeMethodAccessorImpl.java:62)
	at java.base/jdk.internal.reflect.DelegatingMethodAccessorImpl.invoke(DelegatingMethodAccessorImpl.java:43)
	at java.base/java.lang.reflect.Method.invoke(Method.java:566)
	at com.smartbear.ccollab.client.commands.eclipse.AbstractGuiCommand$EclipseMainWithApplicationArgument.invokeFramework(AbstractGuiCommand.java:248)
	at org.eclipse.core.launcher.Main.basicRun(Main.java:313)
	at org.eclipse.core.launcher.Main.run(Main.java:1010)
	at com.smartbear.ccollab.client.commands.eclipse.AbstractGuiCommand$EclipseMainWithApplicationArgument.run(AbstractGuiCommand.java:216)
	at com.smartbear.ccollab.client.commands.eclipse.AbstractGuiCommand.executeJson(AbstractGuiCommand.java:186)
	at com.smartbear.ccollab.client.commands.Command.validateAndExecute(Command.java:360)
	at com.smartbear.ccollab.CLI.doMain(CLI.java:908)
	at com.smartbear.ccollab.GuiMain.main(GuiMain.java:50)
	at java.base/jdk.internal.reflect.NativeMethodAccessorImpl.invoke0(Native Method)
	at java.base/jdk.internal.reflect.NativeMethodAccessorImpl.invoke(NativeMethodAccessorImpl.java:62)
	at java.base/jdk.internal.reflect.DelegatingMethodAccessorImpl.invoke(DelegatingMethodAccessorImpl.java:43)
	at java.base/java.lang.reflect.Method.invoke(Method.java:566)
	at com.exe4j.runtime.LauncherEngine.launch(LauncherEngine.java:85)
	at com.exe4j.runtime.WinLauncher.main(WinLauncher.java:94)
	at com.install4j.runtime.launcher.WinLauncher.main(WinLauncher.java:25)
Caused by: com.smartbear.cmdline.ScmCommunicationException: Unexpected output on stderr starting with:
fatal: detected dubious ownership in repository at 'C:/Users/srinivas.raj/Documents/newgit_repo'
	'S-1-5-32-544'
	'S-1-5-21-2873687759-3163052806-126746348-26639'

	at com.smartbear.scm.cmd.impl.ScmCmds.throwIfNotEmpty(ScmCmds.java:52)
	at com.smartbear.scm.impl.git.GitTextCmd.handleStdErr(GitTextCmd.java:24)
	at com.smartbear.scm.cmd.impl.ScmTextCmdAdapter.handleStdErr(ScmTextCmdAdapter.java:43)
	at com.smartbear.scm.cmd.impl.CommandRunner$3.run(CommandRunner.java:172)
	at com.smartbear.scm.cmd.impl.CommandRunner$3.run(CommandRunner.java:169)
	at com.smartbear.scm.cmd.impl.CommandRunner$StreamHandler.call(CommandRunner.java:225)
	at com.smartbear.scm.cmd.impl.CommandRunner$StreamHandler.call(CommandRunner.java:215)
	at java.base/java.util.concurrent.FutureTask.run(FutureTask.java:264)
	at java.base/java.util.concurrent.ThreadPoolExecutor.runWorker(ThreadPoolExecutor.java:1128)
	at java.base/java.util.concurrent.ThreadPoolExecutor$Worker.run(ThreadPoolExecutor.java:628)
	at java.base/java.lang.Thread.run(Thread.java:834)

!ENTRY com.smartbear.collaborator 1 0 2023-04-14 15:32:49.911
!MESSAGE INFO: Fri Apr 14 15:32:49 IST 2023: com.smartbear.util.PoolThreadFactory
Thread CommandRunner-2001882279-1 created by thread main

!ENTRY com.smartbear.collaborator 1 0 2023-04-14 15:32:49.924
!MESSAGE INFO: Fri Apr 14 15:32:49 IST 2023: com.smartbear.util.PoolThreadFactory
Thread CommandRunner-2001882279-2 created by thread main

!ENTRY com.smartbear.collaborator 1 0 2023-04-14 15:32:50.066
!MESSAGE INFO: Fri Apr 14 15:32:50 IST 2023: com.smartbear.util.PoolThreadFactory
Thread CommandRunner-254041053-1 created by thread main

!ENTRY com.smartbear.collaborator 1 0 2023-04-14 15:32:50.076
!MESSAGE INFO: Fri Apr 14 15:32:50 IST 2023: com.smartbear.util.PoolThreadFactory
Thread CommandRunner-254041053-2 created by thread main

!ENTRY com.smartbear.collaborator 1 0 2023-04-14 15:32:50.164
!MESSAGE INFO: Fri Apr 14 15:32:50 IST 2023: com.smartbear.util.PoolThreadFactory
Thread CommandRunner-254041053-3 created by thread main

!ENTRY com.smartbear.collaborator 1 0 2023-04-14 15:32:56.823
!MESSAGE INFO: Fri Apr 14 15:32:56 IST 2023: com.smartbear.util.PoolThreadFactory
Thread CommandRunner-1585019869-1 created by thread ModalContext

!ENTRY com.smartbear.collaborator 1 0 2023-04-14 15:32:56.837
!MESSAGE INFO: Fri Apr 14 15:32:56 IST 2023: com.smartbear.util.PoolThreadFactory
Thread CommandRunner-1585019869-2 created by thread ModalContext

!ENTRY com.smartbear.collaborator.ui.standalone 4 0 2023-04-14 15:32:56.937
!MESSAGE Could not determine SCM Configuration for ScmConfig com.smartbear.collaborator.standalone.ScmConfig@7a083b96
!STACK 0
com.smartbear.scm.ScmConfigurationException: Current directory is not controlled by a Git repository.
	at com.smartbear.scm.impl.git.GitSystem.getClientConfiguration(GitSystem.java:166)
	at com.smartbear.scm.ScmUtils.requireScm(ScmUtils.java:582)
	at com.smartbear.collaborator.standalone.ScmConfig.getClientConfig(ScmConfig.java:139)
	at com.smartbear.collaborator.ui.standalone.CollabGUIApp$3.run(CollabGUIApp.java:156)
	at com.smartbear.collaborator.ui.standalone.CollabGuiWindow$8.run(CollabGuiWindow.java:401)
	at org.eclipse.jface.operation.ModalContext$ModalContextThread.run(ModalContext.java:122)
Caused by: com.smartbear.cmdline.ScmCommunicationException: Unexpected output on stderr starting with:
fatal: not a git repository (or any of the parent directories): .git
	at com.smartbear.scm.cmd.impl.ScmCmds.throwIfNotEmpty(ScmCmds.java:52)
	at com.smartbear.scm.impl.git.GitTextCmd.handleStdErr(GitTextCmd.java:24)
	at com.smartbear.scm.cmd.impl.ScmTextCmdAdapter.handleStdErr(ScmTextCmdAdapter.java:43)
	at com.smartbear.scm.cmd.impl.CommandRunner$3.run(CommandRunner.java:172)
	at com.smartbear.scm.cmd.impl.CommandRunner$3.run(CommandRunner.java:169)
	at com.smartbear.scm.cmd.impl.CommandRunner$StreamHandler.call(CommandRunner.java:225)
	at com.smartbear.scm.cmd.impl.CommandRunner$StreamHandler.call(CommandRunner.java:215)
	at java.base/java.util.concurrent.FutureTask.run(FutureTask.java:264)
	at java.base/java.util.concurrent.ThreadPoolExecutor.runWorker(ThreadPoolExecutor.java:1128)
	at java.base/java.util.concurrent.ThreadPoolExecutor$Worker.run(ThreadPoolExecutor.java:628)
	at java.base/java.lang.Thread.run(Thread.java:834)

!ENTRY com.smartbear.collaborator 1 0 2023-04-14 15:32:57.047
!MESSAGE INFO: Fri Apr 14 15:32:57 IST 2023: com.smartbear.util.PoolThreadFactory
Thread CommandRunner-10738565-1 created by thread ModalContext

!ENTRY com.smartbear.collaborator 1 0 2023-04-14 15:32:57.058
!MESSAGE INFO: Fri Apr 14 15:32:57 IST 2023: com.smartbear.util.PoolThreadFactory
Thread CommandRunner-10738565-2 created by thread ModalContext

!ENTRY com.smartbear.collaborator 1 0 2023-04-14 15:32:57.176
!MESSAGE INFO: Fri Apr 14 15:32:57 IST 2023: com.smartbear.util.PoolThreadFactory
Thread CommandRunner-1331249114-1 created by thread ModalContext

!ENTRY com.smartbear.collaborator 1 0 2023-04-14 15:32:57.186
!MESSAGE INFO: Fri Apr 14 15:32:57 IST 2023: com.smartbear.util.PoolThreadFactory
Thread CommandRunner-1331249114-2 created by thread ModalContext

!ENTRY com.smartbear.collaborator 1 0 2023-04-14 15:32:57.264
!MESSAGE INFO: Fri Apr 14 15:32:57 IST 2023: com.smartbear.util.PoolThreadFactory
Thread CommandRunner-1331249114-3 created by thread ModalContext

!ENTRY com.smartbear.collaborator 1 0 2023-04-14 15:42:56.339
!MESSAGE INFO: Fri Apr 14 15:42:56 IST 2023: com.smartbear.util.PoolThreadFactory
Thread CommandRunner-1331249114-4 created by thread Thread-2

!ENTRY com.smartbear.collaborator 1 0 2023-04-14 15:42:56.360
!MESSAGE INFO: Fri Apr 14 15:42:56 IST 2023: com.smartbear.util.PoolThreadFactory
Thread CommandRunner-1331249114-5 created by thread Thread-2

!ENTRY com.smartbear.collaborator 1 0 2023-04-14 15:42:56.627
!MESSAGE INFO: Fri Apr 14 15:42:56 IST 2023: com.smartbear.util.PoolThreadFactory
Thread CommandRunner-1331249114-6 created by thread Thread-2

!ENTRY com.smartbear.collaborator.ui 4 0 2023-04-14 15:43:41.854
!MESSAGE Could not finish Review Job
!STACK 0
com.smartbear.collaborator.client.exceptions.CollabClientInvalidInputException: 
JSON API Error: User 'Administrator' not allowed to create Reviews: The system administrator is not allowed to perform Reviews (Code: InternalError )
	at com.smartbear.collaborator.json.api.AbstractApi.sendBatch(AbstractApi.java:97)
	at com.smartbear.collaborator.json.api.ReviewApi.create(ReviewApi.java:109)
	at com.smartbear.ccollab.client.commands.admin.review.CommandReviewCreate$1.executeJson(CommandReviewCreate.java:248)
	at com.smartbear.ccollab.client.commands.admin.review.AbstractReviewCommand.executeJson(AbstractReviewCommand.java:114)
	at com.smartbear.ccollab.client.commands.Command.validateAndExecute(Command.java:360)
	at com.smartbear.ccollab.client.commands.admin.review.CommandReviewCreate.executeJson(CommandReviewCreate.java:268)
	at com.smartbear.ccollab.client.commands.Command.validateAndExecute(Command.java:360)
	at com.smartbear.collaborator.jobs.AddToNewReviewJob.processReviewInfo(AddToNewReviewJob.java:45)
	at com.smartbear.collaborator.jobs.AddToReviewJob.run(AddToReviewJob.java:95)
	at org.eclipse.core.internal.jobs.Worker.run(Worker.java:63)

!ENTRY com.smartbear.collaborator 4 0 2023-04-14 15:43:48.494
!MESSAGE An error occurred trying to Create new Review 'Android Review'
!SUBENTRY 1 com.smartbear.collaborator 4 0 2023-04-14 15:43:48.494
!MESSAGE Could not finish Review Job
!STACK 0
com.smartbear.collaborator.client.exceptions.CollabClientInvalidInputException: 
JSON API Error: User 'Administrator' not allowed to create Reviews: The system administrator is not allowed to perform Reviews (Code: InternalError )
	at com.smartbear.collaborator.json.api.AbstractApi.sendBatch(AbstractApi.java:97)
	at com.smartbear.collaborator.json.api.ReviewApi.create(ReviewApi.java:109)
	at com.smartbear.ccollab.client.commands.admin.review.CommandReviewCreate$1.executeJson(CommandReviewCreate.java:248)
	at com.smartbear.ccollab.client.commands.admin.review.AbstractReviewCommand.executeJson(AbstractReviewCommand.java:114)
	at com.smartbear.ccollab.client.commands.Command.validateAndExecute(Command.java:360)
	at com.smartbear.ccollab.client.commands.admin.review.CommandReviewCreate.executeJson(CommandReviewCreate.java:268)
	at com.smartbear.ccollab.client.commands.Command.validateAndExecute(Command.java:360)
	at com.smartbear.collaborator.jobs.AddToNewReviewJob.processReviewInfo(AddToNewReviewJob.java:45)
	at com.smartbear.collaborator.jobs.AddToReviewJob.run(AddToReviewJob.java:95)
	at org.eclipse.core.internal.jobs.Worker.run(Worker.java:63)

!ENTRY com.smartbear.collaborator 1 0 2023-04-14 15:44:09.395
!MESSAGE INFO: Fri Apr 14 15:44:09 IST 2023: com.smartbear.util.PoolThreadFactory
Thread CommandRunner-1331249114-7 created by thread Thread-5

!ENTRY com.smartbear.collaborator 1 0 2023-04-14 15:44:09.412
!MESSAGE INFO: Fri Apr 14 15:44:09 IST 2023: com.smartbear.util.PoolThreadFactory
Thread CommandRunner-1331249114-8 created by thread Thread-5

!ENTRY com.smartbear.collaborator 1 0 2023-04-14 15:44:29.948
!MESSAGE INFO: Fri Apr 14 15:44:29 IST 2023: com.smartbear.util.PoolThreadFactory
Thread CommandRunner-1331249114-9 created by thread ModalContext

!ENTRY com.smartbear.collaborator.ui 4 0 2023-04-14 15:45:12.097
!MESSAGE Could not finish Review Job
!STACK 0
com.smartbear.collaborator.client.exceptions.CollabClientInvalidInputException: 
JSON API Error: User 'Administrator' not allowed to create Reviews: The system administrator is not allowed to perform Reviews (Code: InternalError )
	at com.smartbear.collaborator.json.api.AbstractApi.sendBatch(AbstractApi.java:97)
	at com.smartbear.collaborator.json.api.ReviewApi.create(ReviewApi.java:109)
	at com.smartbear.ccollab.client.commands.admin.review.CommandReviewCreate$1.executeJson(CommandReviewCreate.java:248)
	at com.smartbear.ccollab.client.commands.admin.review.AbstractReviewCommand.executeJson(AbstractReviewCommand.java:114)
	at com.smartbear.ccollab.client.commands.Command.validateAndExecute(Command.java:360)
	at com.smartbear.ccollab.client.commands.admin.review.CommandReviewCreate.executeJson(CommandReviewCreate.java:268)
	at com.smartbear.ccollab.client.commands.Command.validateAndExecute(Command.java:360)
	at com.smartbear.collaborator.jobs.AddToNewReviewJob.processReviewInfo(AddToNewReviewJob.java:45)
	at com.smartbear.collaborator.jobs.AddToReviewJob.run(AddToReviewJob.java:95)
	at org.eclipse.core.internal.jobs.Worker.run(Worker.java:63)

!ENTRY com.smartbear.collaborator 4 0 2023-04-14 15:45:20.127
!MESSAGE An error occurred trying to Create new Review 'Android Review'
!SUBENTRY 1 com.smartbear.collaborator 4 0 2023-04-14 15:45:20.127
!MESSAGE Could not finish Review Job
!STACK 0
com.smartbear.collaborator.client.exceptions.CollabClientInvalidInputException: 
JSON API Error: User 'Administrator' not allowed to create Reviews: The system administrator is not allowed to perform Reviews (Code: InternalError )
	at com.smartbear.collaborator.json.api.AbstractApi.sendBatch(AbstractApi.java:97)
	at com.smartbear.collaborator.json.api.ReviewApi.create(ReviewApi.java:109)
	at com.smartbear.ccollab.client.commands.admin.review.CommandReviewCreate$1.executeJson(CommandReviewCreate.java:248)
	at com.smartbear.ccollab.client.commands.admin.review.AbstractReviewCommand.executeJson(AbstractReviewCommand.java:114)
	at com.smartbear.ccollab.client.commands.Command.validateAndExecute(Command.java:360)
	at com.smartbear.ccollab.client.commands.admin.review.CommandReviewCreate.executeJson(CommandReviewCreate.java:268)
	at com.smartbear.ccollab.client.commands.Command.validateAndExecute(Command.java:360)
	at com.smartbear.collaborator.jobs.AddToNewReviewJob.processReviewInfo(AddToNewReviewJob.java:45)
	at com.smartbear.collaborator.jobs.AddToReviewJob.run(AddToReviewJob.java:95)
	at org.eclipse.core.internal.jobs.Worker.run(Worker.java:63)

!ENTRY com.smartbear.collaborator 1 0 2023-04-14 15:46:08.141
!MESSAGE INFO: Fri Apr 14 15:46:08 IST 2023: com.smartbear.util.PoolThreadFactory
Thread CommandRunner-1331249114-10 created by thread ModalContext

!ENTRY com.smartbear.collaborator 1 0 2023-04-14 15:46:08.169
!MESSAGE INFO: Fri Apr 14 15:46:08 IST 2023: com.smartbear.util.PoolThreadFactory
Thread CommandRunner-1331249114-11 created by thread ModalContext

!ENTRY com.smartbear.collaborator 1 0 2023-04-14 15:46:08.408
!MESSAGE INFO: Fri Apr 14 15:46:08 IST 2023: com.smartbear.util.PoolThreadFactory
Thread CommandRunner-1331249114-12 created by thread ModalContext

!ENTRY com.smartbear.collaborator 1 0 2023-04-14 15:46:19.212
!MESSAGE INFO: Fri Apr 14 15:46:19 IST 2023: com.smartbear.ccollab.datamodel.Scm
Creating changelist

!ENTRY com.smartbear.collaborator 1 0 2023-04-14 15:46:19.246
!MESSAGE INFO: Fri Apr 14 15:46:19 IST 2023: com.smartbear.ccollab.datamodel.Scm
Processing C:\Users\srinivas.raj\Documents\newgit_repo\android data.txt

!ENTRY com.smartbear.collaborator 1 0 2023-04-14 15:47:38.786
!MESSAGE INFO: Fri Apr 14 15:47:38 IST 2023: com.smartbear.util.PoolThreadFactory
Thread CommandRunner-2039783633-1 created by thread main

!ENTRY com.smartbear.collaborator 1 0 2023-04-14 15:47:38.803
!MESSAGE INFO: Fri Apr 14 15:47:38 IST 2023: com.smartbear.util.PoolThreadFactory
Thread CommandRunner-2039783633-2 created by thread main

!ENTRY com.smartbear.collaborator.ui.standalone 4 0 2023-04-14 15:47:38.993
!MESSAGE Error validating SCM configuration
!STACK 0
com.smartbear.scm.ScmConfigurationException: Current directory is not controlled by a Git repository.
	at com.smartbear.scm.impl.git.GitSystem.getClientConfiguration(GitSystem.java:166)
	at com.smartbear.scm.ScmUtils.requireScm(ScmUtils.java:582)
	at com.smartbear.collaborator.standalone.ScmConfig.getClientConfig(ScmConfig.java:139)
	at com.smartbear.collaborator.ui.standalone.scmconfigs.ScmConfigDialog.okPressed(ScmConfigDialog.java:574)
	at org.eclipse.jface.dialogs.Dialog.buttonPressed(Dialog.java:468)
	at org.eclipse.jface.dialogs.Dialog.lambda$0(Dialog.java:619)
	at org.eclipse.swt.events.SelectionListener$1.widgetSelected(SelectionListener.java:84)
	at org.eclipse.swt.widgets.TypedListener.handleEvent(TypedListener.java:252)
	at org.eclipse.swt.widgets.EventTable.sendEvent(EventTable.java:89)
	at org.eclipse.swt.widgets.Display.sendEvent(Display.java:4213)
	at org.eclipse.swt.widgets.Widget.sendEvent(Widget.java:1037)
	at org.eclipse.swt.widgets.Display.runDeferredEvents(Display.java:4030)
	at org.eclipse.swt.widgets.Display.readAndDispatch(Display.java:3630)
	at org.eclipse.jface.window.Window.runEventLoop(Window.java:823)
	at org.eclipse.jface.window.Window.open(Window.java:799)
	at com.smartbear.collaborator.ui.standalone.scmconfigs.ScmConfigsViewer$3.widgetSelected(ScmConfigsViewer.java:167)
	at org.eclipse.swt.widgets.TypedListener.handleEvent(TypedListener.java:252)
	at org.eclipse.swt.widgets.EventTable.sendEvent(EventTable.java:89)
	at org.eclipse.swt.widgets.Display.sendEvent(Display.java:4213)
	at org.eclipse.swt.widgets.Widget.sendEvent(Widget.java:1037)
	at org.eclipse.swt.widgets.Display.runDeferredEvents(Display.java:4030)
	at org.eclipse.swt.widgets.Display.readAndDispatch(Display.java:3630)
	at com.smartbear.collaborator.ui.standalone.StandaloneUI.run(StandaloneUI.java:372)
	at java.base/jdk.internal.reflect.NativeMethodAccessorImpl.invoke0(Native Method)
	at java.base/jdk.internal.reflect.NativeMethodAccessorImpl.invoke(NativeMethodAccessorImpl.java:62)
	at java.base/jdk.internal.reflect.DelegatingMethodAccessorImpl.invoke(DelegatingMethodAccessorImpl.java:43)
	at java.base/java.lang.reflect.Method.invoke(Method.java:566)
	at org.eclipse.equinox.internal.app.EclipseAppContainer.callMethodWithException(EclipseAppContainer.java:593)
	at org.eclipse.equinox.internal.app.EclipseAppHandle.run(EclipseAppHandle.java:205)
	at org.eclipse.core.runtime.internal.adaptor.EclipseAppLauncher.runApplication(EclipseAppLauncher.java:137)
	at org.eclipse.core.runtime.internal.adaptor.EclipseAppLauncher.start(EclipseAppLauncher.java:107)
	at org.eclipse.core.runtime.adaptor.EclipseStarter.run(EclipseStarter.java:401)
	at java.base/jdk.internal.reflect.NativeMethodAccessorImpl.invoke0(Native Method)
	at java.base/jdk.internal.reflect.NativeMethodAccessorImpl.invoke(NativeMethodAccessorImpl.java:62)
	at java.base/jdk.internal.reflect.DelegatingMethodAccessorImpl.invoke(DelegatingMethodAccessorImpl.java:43)
	at java.base/java.lang.reflect.Method.invoke(Method.java:566)
	at com.smartbear.ccollab.client.commands.eclipse.AbstractGuiCommand$EclipseMainWithApplicationArgument.invokeFramework(AbstractGuiCommand.java:248)
	at org.eclipse.core.launcher.Main.basicRun(Main.java:313)
	at org.eclipse.core.launcher.Main.run(Main.java:1010)
	at com.smartbear.ccollab.client.commands.eclipse.AbstractGuiCommand$EclipseMainWithApplicationArgument.run(AbstractGuiCommand.java:216)
	at com.smartbear.ccollab.client.commands.eclipse.AbstractGuiCommand.executeJson(AbstractGuiCommand.java:186)
	at com.smartbear.ccollab.client.commands.Command.validateAndExecute(Command.java:360)
	at com.smartbear.ccollab.CLI.doMain(CLI.java:908)
	at com.smartbear.ccollab.GuiMain.main(GuiMain.java:50)
	at java.base/jdk.internal.reflect.NativeMethodAccessorImpl.invoke0(Native Method)
	at java.base/jdk.internal.reflect.NativeMethodAccessorImpl.invoke(NativeMethodAccessorImpl.java:62)
	at java.base/jdk.internal.reflect.DelegatingMethodAccessorImpl.invoke(DelegatingMethodAccessorImpl.java:43)
	at java.base/java.lang.reflect.Method.invoke(Method.java:566)
	at com.exe4j.runtime.LauncherEngine.launch(LauncherEngine.java:85)
	at com.exe4j.runtime.WinLauncher.main(WinLauncher.java:94)
	at com.install4j.runtime.launcher.WinLauncher.main(WinLauncher.java:25)
Caused by: com.smartbear.cmdline.ScmCommunicationException: Unexpected output on stderr starting with:
fatal: not a git repository (or any of the parent directories): .git
	at com.smartbear.scm.cmd.impl.ScmCmds.throwIfNotEmpty(ScmCmds.java:52)
	at com.smartbear.scm.impl.git.GitTextCmd.handleStdErr(GitTextCmd.java:24)
	at com.smartbear.scm.cmd.impl.ScmTextCmdAdapter.handleStdErr(ScmTextCmdAdapter.java:43)
	at com.smartbear.scm.cmd.impl.CommandRunner$3.run(CommandRunner.java:172)
	at com.smartbear.scm.cmd.impl.CommandRunner$3.run(CommandRunner.java:169)
	at com.smartbear.scm.cmd.impl.CommandRunner$StreamHandler.call(CommandRunner.java:225)
	at com.smartbear.scm.cmd.impl.CommandRunner$StreamHandler.call(CommandRunner.java:215)
	at java.base/java.util.concurrent.FutureTask.run(FutureTask.java:264)
	at java.base/java.util.concurrent.ThreadPoolExecutor.runWorker(ThreadPoolExecutor.java:1128)
	at java.base/java.util.concurrent.ThreadPoolExecutor$Worker.run(ThreadPoolExecutor.java:628)
	at java.base/java.lang.Thread.run(Thread.java:834)

!ENTRY com.smartbear.collaborator 1 0 2023-04-14 15:47:53.010
!MESSAGE INFO: Fri Apr 14 15:47:52 IST 2023: com.smartbear.util.PoolThreadFactory
Thread CommandRunner-1075843425-1 created by thread ModalContext

!ENTRY com.smartbear.collaborator 1 0 2023-04-14 15:47:53.035
!MESSAGE INFO: Fri Apr 14 15:47:53 IST 2023: com.smartbear.util.PoolThreadFactory
Thread CommandRunner-1075843425-2 created by thread ModalContext

!ENTRY com.smartbear.collaborator.ui.standalone 4 0 2023-04-14 15:47:53.171
!MESSAGE Could not determine SCM Configuration for ScmConfig com.smartbear.collaborator.standalone.ScmConfig@7a083b96
!STACK 0
com.smartbear.scm.ScmConfigurationException: Current directory is not controlled by a Git repository.
	at com.smartbear.scm.impl.git.GitSystem.getClientConfiguration(GitSystem.java:166)
	at com.smartbear.scm.ScmUtils.requireScm(ScmUtils.java:582)
	at com.smartbear.collaborator.standalone.ScmConfig.getClientConfig(ScmConfig.java:139)
	at com.smartbear.collaborator.ui.standalone.CollabGUIApp$3.run(CollabGUIApp.java:156)
	at com.smartbear.collaborator.ui.standalone.CollabGuiWindow$8.run(CollabGuiWindow.java:401)
	at org.eclipse.jface.operation.ModalContext$ModalContextThread.run(ModalContext.java:122)
Caused by: com.smartbear.cmdline.ScmCommunicationException: Unexpected output on stderr starting with:
fatal: not a git repository (or any of the parent directories): .git
	at com.smartbear.scm.cmd.impl.ScmCmds.throwIfNotEmpty(ScmCmds.java:52)
	at com.smartbear.scm.impl.git.GitTextCmd.handleStdErr(GitTextCmd.java:24)
	at com.smartbear.scm.cmd.impl.ScmTextCmdAdapter.handleStdErr(ScmTextCmdAdapter.java:43)
	at com.smartbear.scm.cmd.impl.CommandRunner$3.run(CommandRunner.java:172)
	at com.smartbear.scm.cmd.impl.CommandRunner$3.run(CommandRunner.java:169)
	at com.smartbear.scm.cmd.impl.CommandRunner$StreamHandler.call(CommandRunner.java:225)
	at com.smartbear.scm.cmd.impl.CommandRunner$StreamHandler.call(CommandRunner.java:215)
	at java.base/java.util.concurrent.FutureTask.run(FutureTask.java:264)
	at java.base/java.util.concurrent.ThreadPoolExecutor.runWorker(ThreadPoolExecutor.java:1128)
	at java.base/java.util.concurrent.ThreadPoolExecutor$Worker.run(ThreadPoolExecutor.java:628)
	at java.base/java.lang.Thread.run(Thread.java:834)

!ENTRY com.smartbear.collaborator 1 0 2023-04-14 15:47:53.240
!MESSAGE INFO: Fri Apr 14 15:47:53 IST 2023: com.smartbear.util.PoolThreadFactory
Thread CommandRunner-746926047-1 created by thread ModalContext

!ENTRY com.smartbear.collaborator 1 0 2023-04-14 15:47:53.257
!MESSAGE INFO: Fri Apr 14 15:47:53 IST 2023: com.smartbear.util.PoolThreadFactory
Thread CommandRunner-746926047-2 created by thread ModalContext

!ENTRY com.smartbear.collaborator.ui.standalone 4 0 2023-04-14 15:47:53.433
!MESSAGE Could not determine SCM Configuration for ScmConfig com.smartbear.collaborator.standalone.ScmConfig@72c9ebfa
!STACK 0
com.smartbear.scm.ScmConfigurationException: Current directory is not controlled by a Git repository.
	at com.smartbear.scm.impl.git.GitSystem.getClientConfiguration(GitSystem.java:166)
	at com.smartbear.scm.ScmUtils.requireScm(ScmUtils.java:582)
	at com.smartbear.collaborator.standalone.ScmConfig.getClientConfig(ScmConfig.java:139)
	at com.smartbear.collaborator.ui.standalone.CollabGUIApp$3.run(CollabGUIApp.java:156)
	at com.smartbear.collaborator.ui.standalone.CollabGuiWindow$8.run(CollabGuiWindow.java:401)
	at org.eclipse.jface.operation.ModalContext$ModalContextThread.run(ModalContext.java:122)
Caused by: com.smartbear.cmdline.ScmCommunicationException: Unexpected output on stderr starting with:
fatal: not a git repository (or any of the parent directories): .git
	at com.smartbear.scm.cmd.impl.ScmCmds.throwIfNotEmpty(ScmCmds.java:52)
	at com.smartbear.scm.impl.git.GitTextCmd.handleStdErr(GitTextCmd.java:24)
	at com.smartbear.scm.cmd.impl.ScmTextCmdAdapter.handleStdErr(ScmTextCmdAdapter.java:43)
	at com.smartbear.scm.cmd.impl.CommandRunner$3.run(CommandRunner.java:172)
	at com.smartbear.scm.cmd.impl.CommandRunner$3.run(CommandRunner.java:169)
	at com.smartbear.scm.cmd.impl.CommandRunner$StreamHandler.call(CommandRunner.java:225)
	at com.smartbear.scm.cmd.impl.CommandRunner$StreamHandler.call(CommandRunner.java:215)
	at java.base/java.util.concurrent.FutureTask.run(FutureTask.java:264)
	at java.base/java.util.concurrent.ThreadPoolExecutor.runWorker(ThreadPoolExecutor.java:1128)
	at java.base/java.util.concurrent.ThreadPoolExecutor$Worker.run(ThreadPoolExecutor.java:628)
	at java.base/java.lang.Thread.run(Thread.java:834)

!ENTRY com.smartbear.collaborator 1 0 2023-04-14 15:47:55.359
!MESSAGE INFO: Fri Apr 14 15:47:55 IST 2023: com.smartbear.util.PoolThreadFactory
Thread CommandRunner-1027104983-1 created by thread ModalContext

!ENTRY com.smartbear.collaborator 1 0 2023-04-14 15:47:55.379
!MESSAGE INFO: Fri Apr 14 15:47:55 IST 2023: com.smartbear.util.PoolThreadFactory
Thread CommandRunner-1027104983-2 created by thread ModalContext

!ENTRY com.smartbear.collaborator.ui.standalone 4 0 2023-04-14 15:47:55.549
!MESSAGE Could not get client configuration from ScmConfig com.smartbear.collaborator.standalone.ScmConfig@72c9ebfa
!STACK 0
com.smartbear.scm.ScmConfigurationException: Current directory is not controlled by a Git repository.
	at com.smartbear.scm.impl.git.GitSystem.getClientConfiguration(GitSystem.java:166)
	at com.smartbear.scm.ScmUtils.requireScm(ScmUtils.java:582)
	at com.smartbear.collaborator.standalone.ScmConfig.getClientConfig(ScmConfig.java:139)
	at com.smartbear.collaborator.ui.standalone.CollabGUIApp$3.run(CollabGUIApp.java:156)
	at com.smartbear.collaborator.ui.standalone.CollabGuiWindow$8.run(CollabGuiWindow.java:401)
	at org.eclipse.jface.operation.ModalContext$ModalContextThread.run(ModalContext.java:122)
Caused by: com.smartbear.cmdline.ScmCommunicationException: Unexpected output on stderr starting with:
fatal: not a git repository (or any of the parent directories): .git
	at com.smartbear.scm.cmd.impl.ScmCmds.throwIfNotEmpty(ScmCmds.java:52)
	at com.smartbear.scm.impl.git.GitTextCmd.handleStdErr(GitTextCmd.java:24)
	at com.smartbear.scm.cmd.impl.ScmTextCmdAdapter.handleStdErr(ScmTextCmdAdapter.java:43)
	at com.smartbear.scm.cmd.impl.CommandRunner$3.run(CommandRunner.java:172)
	at com.smartbear.scm.cmd.impl.CommandRunner$3.run(CommandRunner.java:169)
	at com.smartbear.scm.cmd.impl.CommandRunner$StreamHandler.call(CommandRunner.java:225)
	at com.smartbear.scm.cmd.impl.CommandRunner$StreamHandler.call(CommandRunner.java:215)
	at java.base/java.util.concurrent.FutureTask.run(FutureTask.java:264)
	at java.base/java.util.concurrent.ThreadPoolExecutor.runWorker(ThreadPoolExecutor.java:1128)
	at java.base/java.util.concurrent.ThreadPoolExecutor$Worker.run(ThreadPoolExecutor.java:628)
	at java.base/java.lang.Thread.run(Thread.java:834)

!ENTRY com.smartbear.collaborator 1 0 2023-04-14 15:48:06.940
!MESSAGE INFO: Fri Apr 14 15:48:06 IST 2023: com.smartbear.util.PoolThreadFactory
Thread CommandRunner-314173239-1 created by thread ModalContext

!ENTRY com.smartbear.collaborator 1 0 2023-04-14 15:48:06.963
!MESSAGE INFO: Fri Apr 14 15:48:06 IST 2023: com.smartbear.util.PoolThreadFactory
Thread CommandRunner-314173239-2 created by thread ModalContext

!ENTRY com.smartbear.collaborator.ui.standalone 4 0 2023-04-14 15:48:07.146
!MESSAGE Could not get client configuration from ScmConfig com.smartbear.collaborator.standalone.ScmConfig@72c9ebfa
!STACK 0
com.smartbear.scm.ScmConfigurationException: Current directory is not controlled by a Git repository.
	at com.smartbear.scm.impl.git.GitSystem.getClientConfiguration(GitSystem.java:166)
	at com.smartbear.scm.ScmUtils.requireScm(ScmUtils.java:582)
	at com.smartbear.collaborator.standalone.ScmConfig.getClientConfig(ScmConfig.java:139)
	at com.smartbear.collaborator.ui.standalone.CollabGUIApp$3.run(CollabGUIApp.java:156)
	at com.smartbear.collaborator.ui.standalone.CollabGuiWindow$8.run(CollabGuiWindow.java:401)
	at org.eclipse.jface.operation.ModalContext$ModalContextThread.run(ModalContext.java:122)
Caused by: com.smartbear.cmdline.ScmCommunicationException: Unexpected output on stderr starting with:
fatal: not a git repository (or any of the parent directories): .git
	at com.smartbear.scm.cmd.impl.ScmCmds.throwIfNotEmpty(ScmCmds.java:52)
	at com.smartbear.scm.impl.git.GitTextCmd.handleStdErr(GitTextCmd.java:24)
	at com.smartbear.scm.cmd.impl.ScmTextCmdAdapter.handleStdErr(ScmTextCmdAdapter.java:43)
	at com.smartbear.scm.cmd.impl.CommandRunner$3.run(CommandRunner.java:172)
	at com.smartbear.scm.cmd.impl.CommandRunner$3.run(CommandRunner.java:169)
	at com.smartbear.scm.cmd.impl.CommandRunner$StreamHandler.call(CommandRunner.java:225)
	at com.smartbear.scm.cmd.impl.CommandRunner$StreamHandler.call(CommandRunner.java:215)
	at java.base/java.util.concurrent.FutureTask.run(FutureTask.java:264)
	at java.base/java.util.concurrent.ThreadPoolExecutor.runWorker(ThreadPoolExecutor.java:1128)
	at java.base/java.util.concurrent.ThreadPoolExecutor$Worker.run(ThreadPoolExecutor.java:628)
	at java.base/java.lang.Thread.run(Thread.java:834)

!ENTRY com.smartbear.collaborator 1 0 2023-04-14 15:48:09.734
!MESSAGE INFO: Fri Apr 14 15:48:09 IST 2023: com.smartbear.util.PoolThreadFactory
Thread CommandRunner-903064448-1 created by thread ModalContext

!ENTRY com.smartbear.collaborator 1 0 2023-04-14 15:48:09.754
!MESSAGE INFO: Fri Apr 14 15:48:09 IST 2023: com.smartbear.util.PoolThreadFactory
Thread CommandRunner-903064448-2 created by thread ModalContext

!ENTRY com.smartbear.collaborator.ui.standalone 4 0 2023-04-14 15:48:09.894
!MESSAGE Could not determine SCM Configuration for ScmConfig com.smartbear.collaborator.standalone.ScmConfig@7a083b96
!STACK 0
com.smartbear.scm.ScmConfigurationException: Current directory is not controlled by a Git repository.
	at com.smartbear.scm.impl.git.GitSystem.getClientConfiguration(GitSystem.java:166)
	at com.smartbear.scm.ScmUtils.requireScm(ScmUtils.java:582)
	at com.smartbear.collaborator.standalone.ScmConfig.getClientConfig(ScmConfig.java:139)
	at com.smartbear.collaborator.ui.standalone.CollabGUIApp$3.run(CollabGUIApp.java:156)
	at com.smartbear.collaborator.ui.standalone.CollabGuiWindow$8.run(CollabGuiWindow.java:401)
	at org.eclipse.jface.operation.ModalContext$ModalContextThread.run(ModalContext.java:122)
Caused by: com.smartbear.cmdline.ScmCommunicationException: Unexpected output on stderr starting with:
fatal: not a git repository (or any of the parent directories): .git
	at com.smartbear.scm.cmd.impl.ScmCmds.throwIfNotEmpty(ScmCmds.java:52)
	at com.smartbear.scm.impl.git.GitTextCmd.handleStdErr(GitTextCmd.java:24)
	at com.smartbear.scm.cmd.impl.ScmTextCmdAdapter.handleStdErr(ScmTextCmdAdapter.java:43)
	at com.smartbear.scm.cmd.impl.CommandRunner$3.run(CommandRunner.java:172)
	at com.smartbear.scm.cmd.impl.CommandRunner$3.run(CommandRunner.java:169)
	at com.smartbear.scm.cmd.impl.CommandRunner$StreamHandler.call(CommandRunner.java:225)
	at com.smartbear.scm.cmd.impl.CommandRunner$StreamHandler.call(CommandRunner.java:215)
	at java.base/java.util.concurrent.FutureTask.run(FutureTask.java:264)
	at java.base/java.util.concurrent.ThreadPoolExecutor.runWorker(ThreadPoolExecutor.java:1128)
	at java.base/java.util.concurrent.ThreadPoolExecutor$Worker.run(ThreadPoolExecutor.java:628)
	at java.base/java.lang.Thread.run(Thread.java:834)

!ENTRY com.smartbear.collaborator 1 0 2023-04-14 15:50:03.608
!MESSAGE INFO: Fri Apr 14 15:50:03 IST 2023: com.smartbear.util.PoolThreadFactory
Thread CommandRunner-560734926-1 created by thread main

!ENTRY com.smartbear.collaborator 1 0 2023-04-14 15:50:03.630
!MESSAGE INFO: Fri Apr 14 15:50:03 IST 2023: com.smartbear.util.PoolThreadFactory
Thread CommandRunner-560734926-2 created by thread main

!ENTRY com.smartbear.collaborator 1 0 2023-04-14 15:50:03.753
!MESSAGE INFO: Fri Apr 14 15:50:03 IST 2023: com.smartbear.util.PoolThreadFactory
Thread CommandRunner-154923232-1 created by thread main

!ENTRY com.smartbear.collaborator 1 0 2023-04-14 15:50:03.773
!MESSAGE INFO: Fri Apr 14 15:50:03 IST 2023: com.smartbear.util.PoolThreadFactory
Thread CommandRunner-154923232-2 created by thread main

!ENTRY com.smartbear.collaborator 1 0 2023-04-14 15:50:03.919
!MESSAGE INFO: Fri Apr 14 15:50:03 IST 2023: com.smartbear.util.PoolThreadFactory
Thread CommandRunner-154923232-3 created by thread main

!ENTRY com.smartbear.collaborator 1 0 2023-04-14 15:50:09.717
!MESSAGE INFO: Fri Apr 14 15:50:09 IST 2023: com.smartbear.util.PoolThreadFactory
Thread CommandRunner-690770768-1 created by thread ModalContext

!ENTRY com.smartbear.collaborator 1 0 2023-04-14 15:50:09.733
!MESSAGE INFO: Fri Apr 14 15:50:09 IST 2023: com.smartbear.util.PoolThreadFactory
Thread CommandRunner-690770768-2 created by thread ModalContext

!ENTRY com.smartbear.collaborator.ui.standalone 4 0 2023-04-14 15:50:09.868
!MESSAGE Could not determine SCM Configuration for ScmConfig com.smartbear.collaborator.standalone.ScmConfig@7a083b96
!STACK 0
com.smartbear.scm.ScmConfigurationException: Current directory is not controlled by a Git repository.
	at com.smartbear.scm.impl.git.GitSystem.getClientConfiguration(GitSystem.java:166)
	at com.smartbear.scm.ScmUtils.requireScm(ScmUtils.java:582)
	at com.smartbear.collaborator.standalone.ScmConfig.getClientConfig(ScmConfig.java:139)
	at com.smartbear.collaborator.ui.standalone.CollabGUIApp$3.run(CollabGUIApp.java:156)
	at com.smartbear.collaborator.ui.standalone.CollabGuiWindow$8.run(CollabGuiWindow.java:401)
	at org.eclipse.jface.operation.ModalContext$ModalContextThread.run(ModalContext.java:122)
Caused by: com.smartbear.cmdline.ScmCommunicationException: Unexpected output on stderr starting with:
fatal: not a git repository (or any of the parent directories): .git
	at com.smartbear.scm.cmd.impl.ScmCmds.throwIfNotEmpty(ScmCmds.java:52)
	at com.smartbear.scm.impl.git.GitTextCmd.handleStdErr(GitTextCmd.java:24)
	at com.smartbear.scm.cmd.impl.ScmTextCmdAdapter.handleStdErr(ScmTextCmdAdapter.java:43)
	at com.smartbear.scm.cmd.impl.CommandRunner$3.run(CommandRunner.java:172)
	at com.smartbear.scm.cmd.impl.CommandRunner$3.run(CommandRunner.java:169)
	at com.smartbear.scm.cmd.impl.CommandRunner$StreamHandler.call(CommandRunner.java:225)
	at com.smartbear.scm.cmd.impl.CommandRunner$StreamHandler.call(CommandRunner.java:215)
	at java.base/java.util.concurrent.FutureTask.run(FutureTask.java:264)
	at java.base/java.util.concurrent.ThreadPoolExecutor.runWorker(ThreadPoolExecutor.java:1128)
	at java.base/java.util.concurrent.ThreadPoolExecutor$Worker.run(ThreadPoolExecutor.java:628)
	at java.base/java.lang.Thread.run(Thread.java:834)

!ENTRY com.smartbear.collaborator 1 0 2023-04-14 15:50:10.021
!MESSAGE INFO: Fri Apr 14 15:50:10 IST 2023: com.smartbear.util.PoolThreadFactory
Thread CommandRunner-1107714594-1 created by thread ModalContext

!ENTRY com.smartbear.collaborator 1 0 2023-04-14 15:50:10.039
!MESSAGE INFO: Fri Apr 14 15:50:10 IST 2023: com.smartbear.util.PoolThreadFactory
Thread CommandRunner-1107714594-2 created by thread ModalContext

!ENTRY com.smartbear.collaborator 1 0 2023-04-14 15:50:10.222
!MESSAGE INFO: Fri Apr 14 15:50:10 IST 2023: com.smartbear.util.PoolThreadFactory
Thread CommandRunner-234659369-1 created by thread ModalContext

!ENTRY com.smartbear.collaborator 1 0 2023-04-14 15:50:10.245
!MESSAGE INFO: Fri Apr 14 15:50:10 IST 2023: com.smartbear.util.PoolThreadFactory
Thread CommandRunner-234659369-2 created by thread ModalContext

!ENTRY com.smartbear.collaborator 1 0 2023-04-14 15:50:10.420
!MESSAGE INFO: Fri Apr 14 15:50:10 IST 2023: com.smartbear.util.PoolThreadFactory
Thread CommandRunner-234659369-3 created by thread ModalContext

!ENTRY com.smartbear.collaborator.ui 4 0 2023-04-14 15:50:15.217
!MESSAGE Error initalizing changed files. Git repo appears to be empty or in a detached HEAD state.
!STACK 0
com.smartbear.cmdline.ScmCommunicationException: git: fatal: bad revision 'HEAD'
	at com.smartbear.scm.impl.git.GitLogCmd.handleStdErr(GitLogCmd.java:249)
	at com.smartbear.scm.cmd.impl.ScmTextCmdAdapter.handleStdErr(ScmTextCmdAdapter.java:43)
	at com.smartbear.scm.cmd.impl.CommandRunner$3.run(CommandRunner.java:172)
	at com.smartbear.scm.cmd.impl.CommandRunner$3.run(CommandRunner.java:169)
	at com.smartbear.scm.cmd.impl.CommandRunner$StreamHandler.call(CommandRunner.java:225)
	at com.smartbear.scm.cmd.impl.CommandRunner$StreamHandler.call(CommandRunner.java:215)
	at java.base/java.util.concurrent.FutureTask.run(FutureTask.java:264)
	at java.base/java.util.concurrent.ThreadPoolExecutor.runWorker(ThreadPoolExecutor.java:1128)
	at java.base/java.util.concurrent.ThreadPoolExecutor$Worker.run(ThreadPoolExecutor.java:628)
	at java.base/java.lang.Thread.run(Thread.java:834)

!ENTRY com.smartbear.collaborator.ui 4 0 2023-04-14 15:50:25.484
!MESSAGE Error initalizing changed files. Git repo appears to be empty or in a detached HEAD state.
!STACK 0
com.smartbear.cmdline.ScmCommunicationException: git: fatal: bad revision 'HEAD'
	at com.smartbear.scm.impl.git.GitLogCmd.handleStdErr(GitLogCmd.java:249)
	at com.smartbear.scm.cmd.impl.ScmTextCmdAdapter.handleStdErr(ScmTextCmdAdapter.java:43)
	at com.smartbear.scm.cmd.impl.CommandRunner$3.run(CommandRunner.java:172)
	at com.smartbear.scm.cmd.impl.CommandRunner$3.run(CommandRunner.java:169)
	at com.smartbear.scm.cmd.impl.CommandRunner$StreamHandler.call(CommandRunner.java:225)
	at com.smartbear.scm.cmd.impl.CommandRunner$StreamHandler.call(CommandRunner.java:215)
	at java.base/java.util.concurrent.FutureTask.run(FutureTask.java:264)
	at java.base/java.util.concurrent.ThreadPoolExecutor.runWorker(ThreadPoolExecutor.java:1128)
	at java.base/java.util.concurrent.ThreadPoolExecutor$Worker.run(ThreadPoolExecutor.java:628)
	at java.base/java.lang.Thread.run(Thread.java:834)

!ENTRY com.smartbear.collaborator 1 0 2023-04-14 15:50:48.040
!MESSAGE INFO: Fri Apr 14 15:50:48 IST 2023: com.smartbear.util.PoolThreadFactory
Thread CommandRunner-1331249114-13 created by thread ModalContext

!ENTRY com.smartbear.collaborator 1 0 2023-04-14 15:50:48.060
!MESSAGE INFO: Fri Apr 14 15:50:48 IST 2023: com.smartbear.util.PoolThreadFactory
Thread CommandRunner-1331249114-14 created by thread ModalContext

!ENTRY com.smartbear.collaborator 1 0 2023-04-14 15:50:48.282
!MESSAGE INFO: Fri Apr 14 15:50:48 IST 2023: com.smartbear.util.PoolThreadFactory
Thread CommandRunner-1331249114-15 created by thread ModalContext

!ENTRY com.smartbear.collaborator 1 0 2023-04-14 15:59:12.936
!MESSAGE INFO: Fri Apr 14 15:59:12 IST 2023: com.smartbear.util.PoolThreadFactory
Thread CommandRunner-678858277-1 created by thread main

!ENTRY com.smartbear.collaborator 1 0 2023-04-14 15:59:12.956
!MESSAGE INFO: Fri Apr 14 15:59:12 IST 2023: com.smartbear.util.PoolThreadFactory
Thread CommandRunner-678858277-2 created by thread main

!ENTRY com.smartbear.collaborator 1 0 2023-04-14 15:59:13.178
!MESSAGE INFO: Fri Apr 14 15:59:13 IST 2023: com.smartbear.util.PoolThreadFactory
Thread CommandRunner-419416684-1 created by thread main

!ENTRY com.smartbear.collaborator 1 0 2023-04-14 15:59:13.197
!MESSAGE INFO: Fri Apr 14 15:59:13 IST 2023: com.smartbear.util.PoolThreadFactory
Thread CommandRunner-419416684-2 created by thread main

!ENTRY com.smartbear.collaborator 1 0 2023-04-14 15:59:13.404
!MESSAGE INFO: Fri Apr 14 15:59:13 IST 2023: com.smartbear.util.PoolThreadFactory
Thread CommandRunner-419416684-3 created by thread main

!ENTRY com.smartbear.collaborator 1 0 2023-04-14 15:59:53.125
!MESSAGE INFO: Fri Apr 14 15:59:53 IST 2023: com.smartbear.util.PoolThreadFactory
Thread CommandRunner-955105515-1 created by thread ModalContext

!ENTRY com.smartbear.collaborator 1 0 2023-04-14 15:59:53.144
!MESSAGE INFO: Fri Apr 14 15:59:53 IST 2023: com.smartbear.util.PoolThreadFactory
Thread CommandRunner-955105515-2 created by thread ModalContext

!ENTRY com.smartbear.collaborator.ui.standalone 4 0 2023-04-14 15:59:53.349
!MESSAGE Could not determine SCM Configuration for ScmConfig com.smartbear.collaborator.standalone.ScmConfig@7a083b96
!STACK 0
com.smartbear.scm.ScmConfigurationException: Current directory is not controlled by a Git repository.
	at com.smartbear.scm.impl.git.GitSystem.getClientConfiguration(GitSystem.java:166)
	at com.smartbear.scm.ScmUtils.requireScm(ScmUtils.java:582)
	at com.smartbear.collaborator.standalone.ScmConfig.getClientConfig(ScmConfig.java:139)
	at com.smartbear.collaborator.ui.standalone.CollabGUIApp$3.run(CollabGUIApp.java:156)
	at com.smartbear.collaborator.ui.standalone.CollabGuiWindow$8.run(CollabGuiWindow.java:401)
	at org.eclipse.jface.operation.ModalContext$ModalContextThread.run(ModalContext.java:122)
Caused by: com.smartbear.cmdline.ScmCommunicationException: Unexpected output on stderr starting with:
fatal: not a git repository (or any of the parent directories): .git
	at com.smartbear.scm.cmd.impl.ScmCmds.throwIfNotEmpty(ScmCmds.java:52)
	at com.smartbear.scm.impl.git.GitTextCmd.handleStdErr(GitTextCmd.java:24)
	at com.smartbear.scm.cmd.impl.ScmTextCmdAdapter.handleStdErr(ScmTextCmdAdapter.java:43)
	at com.smartbear.scm.cmd.impl.CommandRunner$3.run(CommandRunner.java:172)
	at com.smartbear.scm.cmd.impl.CommandRunner$3.run(CommandRunner.java:169)
	at com.smartbear.scm.cmd.impl.CommandRunner$StreamHandler.call(CommandRunner.java:225)
	at com.smartbear.scm.cmd.impl.CommandRunner$StreamHandler.call(CommandRunner.java:215)
	at java.base/java.util.concurrent.FutureTask.run(FutureTask.java:264)
	at java.base/java.util.concurrent.ThreadPoolExecutor.runWorker(ThreadPoolExecutor.java:1128)
	at java.base/java.util.concurrent.ThreadPoolExecutor$Worker.run(ThreadPoolExecutor.java:628)
	at java.base/java.lang.Thread.run(Thread.java:834)

!ENTRY com.smartbear.collaborator 1 0 2023-04-14 15:59:53.438
!MESSAGE INFO: Fri Apr 14 15:59:53 IST 2023: com.smartbear.util.PoolThreadFactory
Thread CommandRunner-1323535235-1 created by thread ModalContext

!ENTRY com.smartbear.collaborator 1 0 2023-04-14 15:59:53.456
!MESSAGE INFO: Fri Apr 14 15:59:53 IST 2023: com.smartbear.util.PoolThreadFactory
Thread CommandRunner-1323535235-2 created by thread ModalContext

!ENTRY com.smartbear.collaborator 1 0 2023-04-14 15:59:53.654
!MESSAGE INFO: Fri Apr 14 15:59:53 IST 2023: com.smartbear.util.PoolThreadFactory
Thread CommandRunner-18445844-1 created by thread ModalContext

!ENTRY com.smartbear.collaborator 1 0 2023-04-14 15:59:53.672
!MESSAGE INFO: Fri Apr 14 15:59:53 IST 2023: com.smartbear.util.PoolThreadFactory
Thread CommandRunner-18445844-2 created by thread ModalContext

!ENTRY com.smartbear.collaborator 1 0 2023-04-14 15:59:53.833
!MESSAGE INFO: Fri Apr 14 15:59:53 IST 2023: com.smartbear.util.PoolThreadFactory
Thread CommandRunner-18445844-3 created by thread ModalContext

!ENTRY com.smartbear.collaborator.ui 4 0 2023-04-14 15:59:59.981
!MESSAGE Error initalizing changed files. Git repo appears to be empty or in a detached HEAD state.
!STACK 0
com.smartbear.cmdline.ScmCommunicationException: git: fatal: bad revision 'HEAD'
	at com.smartbear.scm.impl.git.GitLogCmd.handleStdErr(GitLogCmd.java:249)
	at com.smartbear.scm.cmd.impl.ScmTextCmdAdapter.handleStdErr(ScmTextCmdAdapter.java:43)
	at com.smartbear.scm.cmd.impl.CommandRunner$3.run(CommandRunner.java:172)
	at com.smartbear.scm.cmd.impl.CommandRunner$3.run(CommandRunner.java:169)
	at com.smartbear.scm.cmd.impl.CommandRunner$StreamHandler.call(CommandRunner.java:225)
	at com.smartbear.scm.cmd.impl.CommandRunner$StreamHandler.call(CommandRunner.java:215)
	at java.base/java.util.concurrent.FutureTask.run(FutureTask.java:264)
	at java.base/java.util.concurrent.ThreadPoolExecutor.runWorker(ThreadPoolExecutor.java:1128)
	at java.base/java.util.concurrent.ThreadPoolExecutor$Worker.run(ThreadPoolExecutor.java:628)
	at java.base/java.lang.Thread.run(Thread.java:834)

!ENTRY com.smartbear.collaborator 1 0 2023-04-14 16:01:01.411
!MESSAGE INFO: Fri Apr 14 16:01:01 IST 2023: com.smartbear.ccollab.datamodel.Scm
Creating changelist

!ENTRY com.smartbear.collaborator 1 0 2023-04-14 16:01:01.424
!MESSAGE INFO: Fri Apr 14 16:01:01 IST 2023: com.smartbear.ccollab.datamodel.Scm
Processing C:\Users\srinivas.raj\Documents\New folder\test.txt

!ENTRY com.smartbear.collaborator 1 0 2023-04-14 16:17:37.379
!MESSAGE INFO: Fri Apr 14 16:17:37 IST 2023: com.smartbear.util.PoolThreadFactory
Thread CommandRunner-234659369-4 created by thread ModalContext

!ENTRY com.smartbear.collaborator 1 0 2023-04-14 16:17:37.394
!MESSAGE INFO: Fri Apr 14 16:17:37 IST 2023: com.smartbear.util.PoolThreadFactory
Thread CommandRunner-234659369-5 created by thread ModalContext

!ENTRY com.smartbear.collaborator.ui 4 0 2023-04-14 16:17:37.634
!MESSAGE Error initalizing changed files. Git repo appears to be empty or in a detached HEAD state.
!STACK 0
com.smartbear.cmdline.ScmCommunicationException: git: fatal: bad revision 'HEAD'
	at com.smartbear.scm.impl.git.GitLogCmd.handleStdErr(GitLogCmd.java:249)
	at com.smartbear.scm.cmd.impl.ScmTextCmdAdapter.handleStdErr(ScmTextCmdAdapter.java:43)
	at com.smartbear.scm.cmd.impl.CommandRunner$3.run(CommandRunner.java:172)
	at com.smartbear.scm.cmd.impl.CommandRunner$3.run(CommandRunner.java:169)
	at com.smartbear.scm.cmd.impl.CommandRunner$StreamHandler.call(CommandRunner.java:225)
	at com.smartbear.scm.cmd.impl.CommandRunner$StreamHandler.call(CommandRunner.java:215)
	at java.base/java.util.concurrent.FutureTask.run(FutureTask.java:264)
	at java.base/java.util.concurrent.ThreadPoolExecutor.runWorker(ThreadPoolExecutor.java:1128)
	at java.base/java.util.concurrent.ThreadPoolExecutor$Worker.run(ThreadPoolExecutor.java:628)
	at java.base/java.lang.Thread.run(Thread.java:834)
